have_func: checking for rb_absint_size()... -------------------- yes

"clang -o conftest -I/Users/ogurareijiro/.rbenv/versions/2.6.5/include/ruby-2.6.0/x86_64-darwin22 -I/Users/ogurareijiro/.rbenv/versions/2.6.5/include/ruby-2.6.0/ruby/backward -I/Users/ogurareijiro/.rbenv/versions/2.6.5/include/ruby-2.6.0 -I. -I/Users/ogurareijiro/.rbenv/versions/2.6.5/include  -D_XOPEN_SOURCE -D_DARWIN_C_SOURCE -D_DARWIN_UNLIMITED_SELECT -D_REENTRANT   -O3 -ggdb3 -Wall -Wextra -Wdeclaration-after-statement -Wdeprecated-declarations -Wdivision-by-zero -Wimplicit-function-declaration -Wimplicit-int -Wmisleading-indentation -Wpointer-arith -Wshorten-64-to-32 -Wwrite-strings -Wmissing-noreturn -Wno-cast-function-type -Wno-constant-logical-operand -Wno-long-long -Wno-missing-field-initializers -Wno-overlength-strings -Wno-parentheses-equality -Wno-self-assign -Wno-tautological-compare -Wno-unused-parameter -Wno-unused-value -Wunused-variable -Wextra-tokens  -fno-common -pipe conftest.c  -L. -L/Users/ogurareijiro/.rbenv/versions/2.6.5/lib -L. -L/Users/ogurareijiro/.rbenv/versions/2.6.5/lib  -fstack-protector-strong -L/usr/local/lib     -lruby.2.6   "
checked program was:
/* begin */
1: #include "ruby.h"
2: 
3: int main(int argc, char **argv)
4: {
5:   return 0;
6: }
/* end */

"clang -o conftest -I/Users/ogurareijiro/.rbenv/versions/2.6.5/include/ruby-2.6.0/x86_64-darwin22 -I/Users/ogurareijiro/.rbenv/versions/2.6.5/include/ruby-2.6.0/ruby/backward -I/Users/ogurareijiro/.rbenv/versions/2.6.5/include/ruby-2.6.0 -I. -I/Users/ogurareijiro/.rbenv/versions/2.6.5/include  -D_XOPEN_SOURCE -D_DARWIN_C_SOURCE -D_DARWIN_UNLIMITED_SELECT -D_REENTRANT   -O3 -ggdb3 -Wall -Wextra -Wdeclaration-after-statement -Wdeprecated-declarations -Wdivision-by-zero -Wimplicit-function-declaration -Wimplicit-int -Wmisleading-indentation -Wpointer-arith -Wshorten-64-to-32 -Wwrite-strings -Wmissing-noreturn -Wno-cast-function-type -Wno-constant-logical-operand -Wno-long-long -Wno-missing-field-initializers -Wno-overlength-strings -Wno-parentheses-equality -Wno-self-assign -Wno-tautological-compare -Wno-unused-parameter -Wno-unused-value -Wunused-variable -Wextra-tokens  -fno-common -pipe conftest.c  -L. -L/Users/ogurareijiro/.rbenv/versions/2.6.5/lib -L. -L/Users/ogurareijiro/.rbenv/versions/2.6.5/lib  -fstack-protector-strong -L/usr/local/lib     -lruby.2.6   "
checked program was:
/* begin */
 1: #include "ruby.h"
 2: 
 3: /*top*/
 4: extern int t(void);
 5: int main(int argc, char **argv)
 6: {
 7:   if (argc > 1000000) {
 8:     int (* volatile tp)(void)=(int (*)(void))&t;
 9:     printf("%d", (*tp)());
10:   }
11: 
12:   return 0;
13: }
14: int t(void) { void ((*volatile p)()); p = (void ((*)()))rb_absint_size; return !p; }
/* end */

--------------------

have_func: checking for rb_absint_singlebit_p()... -------------------- yes

"clang -o conftest -I/Users/ogurareijiro/.rbenv/versions/2.6.5/include/ruby-2.6.0/x86_64-darwin22 -I/Users/ogurareijiro/.rbenv/versions/2.6.5/include/ruby-2.6.0/ruby/backward -I/Users/ogurareijiro/.rbenv/versions/2.6.5/include/ruby-2.6.0 -I. -I/Users/ogurareijiro/.rbenv/versions/2.6.5/include  -D_XOPEN_SOURCE -D_DARWIN_C_SOURCE -D_DARWIN_UNLIMITED_SELECT -D_REENTRANT   -O3 -ggdb3 -Wall -Wextra -Wdeclaration-after-statement -Wdeprecated-declarations -Wdivision-by-zero -Wimplicit-function-declaration -Wimplicit-int -Wmisleading-indentation -Wpointer-arith -Wshorten-64-to-32 -Wwrite-strings -Wmissing-noreturn -Wno-cast-function-type -Wno-constant-logical-operand -Wno-long-long -Wno-missing-field-initializers -Wno-overlength-strings -Wno-parentheses-equality -Wno-self-assign -Wno-tautological-compare -Wno-unused-parameter -Wno-unused-value -Wunused-variable -Wextra-tokens  -fno-common -pipe conftest.c  -L. -L/Users/ogurareijiro/.rbenv/versions/2.6.5/lib -L. -L/Users/ogurareijiro/.rbenv/versions/2.6.5/lib  -fstack-protector-strong -L/usr/local/lib     -lruby.2.6   "
checked program was:
/* begin */
 1: #include "ruby.h"
 2: 
 3: /*top*/
 4: extern int t(void);
 5: int main(int argc, char **argv)
 6: {
 7:   if (argc > 1000000) {
 8:     int (* volatile tp)(void)=(int (*)(void))&t;
 9:     printf("%d", (*tp)());
10:   }
11: 
12:   return 0;
13: }
14: int t(void) { void ((*volatile p)()); p = (void ((*)()))rb_absint_singlebit_p; return !p; }
/* end */

--------------------

have_func: checking for rb_gc_mark_movable()... -------------------- no

"clang -o conftest -I/Users/ogurareijiro/.rbenv/versions/2.6.5/include/ruby-2.6.0/x86_64-darwin22 -I/Users/ogurareijiro/.rbenv/versions/2.6.5/include/ruby-2.6.0/ruby/backward -I/Users/ogurareijiro/.rbenv/versions/2.6.5/include/ruby-2.6.0 -I. -I/Users/ogurareijiro/.rbenv/versions/2.6.5/include  -D_XOPEN_SOURCE -D_DARWIN_C_SOURCE -D_DARWIN_UNLIMITED_SELECT -D_REENTRANT   -O3 -ggdb3 -Wall -Wextra -Wdeclaration-after-statement -Wdeprecated-declarations -Wdivision-by-zero -Wimplicit-function-declaration -Wimplicit-int -Wmisleading-indentation -Wpointer-arith -Wshorten-64-to-32 -Wwrite-strings -Wmissing-noreturn -Wno-cast-function-type -Wno-constant-logical-operand -Wno-long-long -Wno-missing-field-initializers -Wno-overlength-strings -Wno-parentheses-equality -Wno-self-assign -Wno-tautological-compare -Wno-unused-parameter -Wno-unused-value -Wunused-variable -Wextra-tokens  -fno-common -pipe conftest.c  -L. -L/Users/ogurareijiro/.rbenv/versions/2.6.5/lib -L. -L/Users/ogurareijiro/.rbenv/versions/2.6.5/lib  -fstack-protector-strong -L/usr/local/lib     -lruby.2.6   "
conftest.c:14:57: error: use of undeclared identifier 'rb_gc_mark_movable'
int t(void) { void ((*volatile p)()); p = (void ((*)()))rb_gc_mark_movable; return !p; }
                                                        ^
1 error generated.
checked program was:
/* begin */
 1: #include "ruby.h"
 2: 
 3: /*top*/
 4: extern int t(void);
 5: int main(int argc, char **argv)
 6: {
 7:   if (argc > 1000000) {
 8:     int (* volatile tp)(void)=(int (*)(void))&t;
 9:     printf("%d", (*tp)());
10:   }
11: 
12:   return 0;
13: }
14: int t(void) { void ((*volatile p)()); p = (void ((*)()))rb_gc_mark_movable; return !p; }
/* end */

"clang -o conftest -I/Users/ogurareijiro/.rbenv/versions/2.6.5/include/ruby-2.6.0/x86_64-darwin22 -I/Users/ogurareijiro/.rbenv/versions/2.6.5/include/ruby-2.6.0/ruby/backward -I/Users/ogurareijiro/.rbenv/versions/2.6.5/include/ruby-2.6.0 -I. -I/Users/ogurareijiro/.rbenv/versions/2.6.5/include  -D_XOPEN_SOURCE -D_DARWIN_C_SOURCE -D_DARWIN_UNLIMITED_SELECT -D_REENTRANT   -O3 -ggdb3 -Wall -Wextra -Wdeclaration-after-statement -Wdeprecated-declarations -Wdivision-by-zero -Wimplicit-function-declaration -Wimplicit-int -Wmisleading-indentation -Wpointer-arith -Wshorten-64-to-32 -Wwrite-strings -Wmissing-noreturn -Wno-cast-function-type -Wno-constant-logical-operand -Wno-long-long -Wno-missing-field-initializers -Wno-overlength-strings -Wno-parentheses-equality -Wno-self-assign -Wno-tautological-compare -Wno-unused-parameter -Wno-unused-value -Wunused-variable -Wextra-tokens  -fno-common -pipe conftest.c  -L. -L/Users/ogurareijiro/.rbenv/versions/2.6.5/lib -L. -L/Users/ogurareijiro/.rbenv/versions/2.6.5/lib  -fstack-protector-strong -L/usr/local/lib     -lruby.2.6   "
Undefined symbols for architecture x86_64:
  "_rb_gc_mark_movable", referenced from:
      _t in conftest-6a6a24.o
ld: symbol(s) not found for architecture x86_64
clang: error: linker command failed with exit code 1 (use -v to see invocation)
checked program was:
/* begin */
 1: #include "ruby.h"
 2: 
 3: /*top*/
 4: extern int t(void);
 5: int main(int argc, char **argv)
 6: {
 7:   if (argc > 1000000) {
 8:     int (* volatile tp)(void)=(int (*)(void))&t;
 9:     printf("%d", (*tp)());
10:   }
11: 
12:   return 0;
13: }
14: extern void rb_gc_mark_movable();
15: int t(void) { rb_gc_mark_movable(); return 0; }
/* end */

--------------------

have_func: checking for rb_wait_for_single_fd()... -------------------- yes

"clang -o conftest -I/Users/ogurareijiro/.rbenv/versions/2.6.5/include/ruby-2.6.0/x86_64-darwin22 -I/Users/ogurareijiro/.rbenv/versions/2.6.5/include/ruby-2.6.0/ruby/backward -I/Users/ogurareijiro/.rbenv/versions/2.6.5/include/ruby-2.6.0 -I. -I/Users/ogurareijiro/.rbenv/versions/2.6.5/include  -D_XOPEN_SOURCE -D_DARWIN_C_SOURCE -D_DARWIN_UNLIMITED_SELECT -D_REENTRANT   -O3 -ggdb3 -Wall -Wextra -Wdeclaration-after-statement -Wdeprecated-declarations -Wdivision-by-zero -Wimplicit-function-declaration -Wimplicit-int -Wmisleading-indentation -Wpointer-arith -Wshorten-64-to-32 -Wwrite-strings -Wmissing-noreturn -Wno-cast-function-type -Wno-constant-logical-operand -Wno-long-long -Wno-missing-field-initializers -Wno-overlength-strings -Wno-parentheses-equality -Wno-self-assign -Wno-tautological-compare -Wno-unused-parameter -Wno-unused-value -Wunused-variable -Wextra-tokens  -fno-common -pipe conftest.c  -L. -L/Users/ogurareijiro/.rbenv/versions/2.6.5/lib -L. -L/Users/ogurareijiro/.rbenv/versions/2.6.5/lib  -fstack-protector-strong -L/usr/local/lib     -lruby.2.6   "
conftest.c:14:57: error: use of undeclared identifier 'rb_wait_for_single_fd'
int t(void) { void ((*volatile p)()); p = (void ((*)()))rb_wait_for_single_fd; return !p; }
                                                        ^
1 error generated.
checked program was:
/* begin */
 1: #include "ruby.h"
 2: 
 3: /*top*/
 4: extern int t(void);
 5: int main(int argc, char **argv)
 6: {
 7:   if (argc > 1000000) {
 8:     int (* volatile tp)(void)=(int (*)(void))&t;
 9:     printf("%d", (*tp)());
10:   }
11: 
12:   return 0;
13: }
14: int t(void) { void ((*volatile p)()); p = (void ((*)()))rb_wait_for_single_fd; return !p; }
/* end */

"clang -o conftest -I/Users/ogurareijiro/.rbenv/versions/2.6.5/include/ruby-2.6.0/x86_64-darwin22 -I/Users/ogurareijiro/.rbenv/versions/2.6.5/include/ruby-2.6.0/ruby/backward -I/Users/ogurareijiro/.rbenv/versions/2.6.5/include/ruby-2.6.0 -I. -I/Users/ogurareijiro/.rbenv/versions/2.6.5/include  -D_XOPEN_SOURCE -D_DARWIN_C_SOURCE -D_DARWIN_UNLIMITED_SELECT -D_REENTRANT   -O3 -ggdb3 -Wall -Wextra -Wdeclaration-after-statement -Wdeprecated-declarations -Wdivision-by-zero -Wimplicit-function-declaration -Wimplicit-int -Wmisleading-indentation -Wpointer-arith -Wshorten-64-to-32 -Wwrite-strings -Wmissing-noreturn -Wno-cast-function-type -Wno-constant-logical-operand -Wno-long-long -Wno-missing-field-initializers -Wno-overlength-strings -Wno-parentheses-equality -Wno-self-assign -Wno-tautological-compare -Wno-unused-parameter -Wno-unused-value -Wunused-variable -Wextra-tokens  -fno-common -pipe conftest.c  -L. -L/Users/ogurareijiro/.rbenv/versions/2.6.5/lib -L. -L/Users/ogurareijiro/.rbenv/versions/2.6.5/lib  -fstack-protector-strong -L/usr/local/lib     -lruby.2.6   "
checked program was:
/* begin */
 1: #include "ruby.h"
 2: 
 3: /*top*/
 4: extern int t(void);
 5: int main(int argc, char **argv)
 6: {
 7:   if (argc > 1000000) {
 8:     int (* volatile tp)(void)=(int (*)(void))&t;
 9:     printf("%d", (*tp)());
10:   }
11: 
12:   return 0;
13: }
14: extern void rb_wait_for_single_fd();
15: int t(void) { rb_wait_for_single_fd(); return 0; }
/* end */

--------------------

have_func: checking for rb_enc_interned_str() in ruby.h... -------------------- no

"clang -o conftest -I/Users/ogurareijiro/.rbenv/versions/2.6.5/include/ruby-2.6.0/x86_64-darwin22 -I/Users/ogurareijiro/.rbenv/versions/2.6.5/include/ruby-2.6.0/ruby/backward -I/Users/ogurareijiro/.rbenv/versions/2.6.5/include/ruby-2.6.0 -I. -I/Users/ogurareijiro/.rbenv/versions/2.6.5/include  -D_XOPEN_SOURCE -D_DARWIN_C_SOURCE -D_DARWIN_UNLIMITED_SELECT -D_REENTRANT   -O3 -ggdb3 -Wall -Wextra -Wdeclaration-after-statement -Wdeprecated-declarations -Wdivision-by-zero -Wimplicit-function-declaration -Wimplicit-int -Wmisleading-indentation -Wpointer-arith -Wshorten-64-to-32 -Wwrite-strings -Wmissing-noreturn -Wno-cast-function-type -Wno-constant-logical-operand -Wno-long-long -Wno-missing-field-initializers -Wno-overlength-strings -Wno-parentheses-equality -Wno-self-assign -Wno-tautological-compare -Wno-unused-parameter -Wno-unused-value -Wunused-variable -Wextra-tokens  -fno-common -pipe conftest.c  -L. -L/Users/ogurareijiro/.rbenv/versions/2.6.5/lib -L. -L/Users/ogurareijiro/.rbenv/versions/2.6.5/lib  -fstack-protector-strong -L/usr/local/lib     -lruby.2.6   "
conftest.c:16:57: error: use of undeclared identifier 'rb_enc_interned_str'
int t(void) { void ((*volatile p)()); p = (void ((*)()))rb_enc_interned_str; return !p; }
                                                        ^
1 error generated.
checked program was:
/* begin */
 1: #include "ruby.h"
 2: 
 3: #include <ruby.h>
 4: 
 5: /*top*/
 6: extern int t(void);
 7: int main(int argc, char **argv)
 8: {
 9:   if (argc > 1000000) {
10:     int (* volatile tp)(void)=(int (*)(void))&t;
11:     printf("%d", (*tp)());
12:   }
13: 
14:   return 0;
15: }
16: int t(void) { void ((*volatile p)()); p = (void ((*)()))rb_enc_interned_str; return !p; }
/* end */

"clang -o conftest -I/Users/ogurareijiro/.rbenv/versions/2.6.5/include/ruby-2.6.0/x86_64-darwin22 -I/Users/ogurareijiro/.rbenv/versions/2.6.5/include/ruby-2.6.0/ruby/backward -I/Users/ogurareijiro/.rbenv/versions/2.6.5/include/ruby-2.6.0 -I. -I/Users/ogurareijiro/.rbenv/versions/2.6.5/include  -D_XOPEN_SOURCE -D_DARWIN_C_SOURCE -D_DARWIN_UNLIMITED_SELECT -D_REENTRANT   -O3 -ggdb3 -Wall -Wextra -Wdeclaration-after-statement -Wdeprecated-declarations -Wdivision-by-zero -Wimplicit-function-declaration -Wimplicit-int -Wmisleading-indentation -Wpointer-arith -Wshorten-64-to-32 -Wwrite-strings -Wmissing-noreturn -Wno-cast-function-type -Wno-constant-logical-operand -Wno-long-long -Wno-missing-field-initializers -Wno-overlength-strings -Wno-parentheses-equality -Wno-self-assign -Wno-tautological-compare -Wno-unused-parameter -Wno-unused-value -Wunused-variable -Wextra-tokens  -fno-common -pipe conftest.c  -L. -L/Users/ogurareijiro/.rbenv/versions/2.6.5/lib -L. -L/Users/ogurareijiro/.rbenv/versions/2.6.5/lib  -fstack-protector-strong -L/usr/local/lib     -lruby.2.6   "
Undefined symbols for architecture x86_64:
  "_rb_enc_interned_str", referenced from:
      _t in conftest-771560.o
ld: symbol(s) not found for architecture x86_64
clang: error: linker command failed with exit code 1 (use -v to see invocation)
checked program was:
/* begin */
 1: #include "ruby.h"
 2: 
 3: #include <ruby.h>
 4: 
 5: /*top*/
 6: extern int t(void);
 7: int main(int argc, char **argv)
 8: {
 9:   if (argc > 1000000) {
10:     int (* volatile tp)(void)=(int (*)(void))&t;
11:     printf("%d", (*tp)());
12:   }
13: 
14:   return 0;
15: }
16: extern void rb_enc_interned_str();
17: int t(void) { rb_enc_interned_str(); return 0; }
/* end */

--------------------

have_header: checking for mysql.h... -------------------- yes

"clang -E -I/Users/ogurareijiro/.rbenv/versions/2.6.5/include/ruby-2.6.0/x86_64-darwin22 -I/Users/ogurareijiro/.rbenv/versions/2.6.5/include/ruby-2.6.0/ruby/backward -I/Users/ogurareijiro/.rbenv/versions/2.6.5/include/ruby-2.6.0 -I. -I/usr/local/Cellar/mysql/8.1.0/include/mysql -I/Users/ogurareijiro/.rbenv/versions/2.6.5/openssl/include -I/Users/ogurareijiro/.rbenv/versions/2.6.5/include  -D_XOPEN_SOURCE -D_DARWIN_C_SOURCE -D_DARWIN_UNLIMITED_SELECT -D_REENTRANT   -O3 -ggdb3 -Wall -Wextra -Wdeclaration-after-statement -Wdeprecated-declarations -Wdivision-by-zero -Wimplicit-function-declaration -Wimplicit-int -Wmisleading-indentation -Wpointer-arith -Wshorten-64-to-32 -Wwrite-strings -Wmissing-noreturn -Wno-cast-function-type -Wno-constant-logical-operand -Wno-long-long -Wno-missing-field-initializers -Wno-overlength-strings -Wno-parentheses-equality -Wno-self-assign -Wno-tautological-compare -Wno-unused-parameter -Wno-unused-value -Wunused-variable -Wextra-tokens  -fno-common -pipe  conftest.c -o conftest.i"
checked program was:
/* begin */
1: #include "ruby.h"
2: 
3: #include <mysql.h>
/* end */

--------------------

have_header: checking for errmsg.h... -------------------- yes

"clang -E -I/Users/ogurareijiro/.rbenv/versions/2.6.5/include/ruby-2.6.0/x86_64-darwin22 -I/Users/ogurareijiro/.rbenv/versions/2.6.5/include/ruby-2.6.0/ruby/backward -I/Users/ogurareijiro/.rbenv/versions/2.6.5/include/ruby-2.6.0 -I. -I/usr/local/Cellar/mysql/8.1.0/include/mysql -I/Users/ogurareijiro/.rbenv/versions/2.6.5/openssl/include -I/Users/ogurareijiro/.rbenv/versions/2.6.5/include  -D_XOPEN_SOURCE -D_DARWIN_C_SOURCE -D_DARWIN_UNLIMITED_SELECT -D_REENTRANT   -O3 -ggdb3 -Wall -Wextra -Wdeclaration-after-statement -Wdeprecated-declarations -Wdivision-by-zero -Wimplicit-function-declaration -Wimplicit-int -Wmisleading-indentation -Wpointer-arith -Wshorten-64-to-32 -Wwrite-strings -Wmissing-noreturn -Wno-cast-function-type -Wno-constant-logical-operand -Wno-long-long -Wno-missing-field-initializers -Wno-overlength-strings -Wno-parentheses-equality -Wno-self-assign -Wno-tautological-compare -Wno-unused-parameter -Wno-unused-value -Wunused-variable -Wextra-tokens  -fno-common -pipe  conftest.c -o conftest.i"
checked program was:
/* begin */
1: #include "ruby.h"
2: 
3: #include <errmsg.h>
/* end */

--------------------

have_const: checking for SSL_MODE_DISABLED in mysql.h... -------------------- yes

"clang -I/Users/ogurareijiro/.rbenv/versions/2.6.5/include/ruby-2.6.0/x86_64-darwin22 -I/Users/ogurareijiro/.rbenv/versions/2.6.5/include/ruby-2.6.0/ruby/backward -I/Users/ogurareijiro/.rbenv/versions/2.6.5/include/ruby-2.6.0 -I. -I/usr/local/Cellar/mysql/8.1.0/include/mysql -I/Users/ogurareijiro/.rbenv/versions/2.6.5/openssl/include -I/Users/ogurareijiro/.rbenv/versions/2.6.5/include  -D_XOPEN_SOURCE -D_DARWIN_C_SOURCE -D_DARWIN_UNLIMITED_SELECT -D_REENTRANT   -O3 -ggdb3 -Wall -Wextra -Wdeclaration-after-statement -Wdeprecated-declarations -Wdivision-by-zero -Wimplicit-function-declaration -Wimplicit-int -Wmisleading-indentation -Wpointer-arith -Wshorten-64-to-32 -Wwrite-strings -Wmissing-noreturn -Wno-cast-function-type -Wno-constant-logical-operand -Wno-long-long -Wno-missing-field-initializers -Wno-overlength-strings -Wno-parentheses-equality -Wno-self-assign -Wno-tautological-compare -Wno-unused-parameter -Wno-unused-value -Wunused-variable -Wextra-tokens  -fno-common -pipe   -c conftest.c"
checked program was:
/* begin */
1: #include "ruby.h"
2: 
3: #include <mysql.h>
4: 
5: /*top*/
6: typedef int conftest_type;
7: conftest_type conftestval = (int)SSL_MODE_DISABLED;
/* end */

--------------------

have_const: checking for SSL_MODE_PREFERRED in mysql.h... -------------------- yes

"clang -I/Users/ogurareijiro/.rbenv/versions/2.6.5/include/ruby-2.6.0/x86_64-darwin22 -I/Users/ogurareijiro/.rbenv/versions/2.6.5/include/ruby-2.6.0/ruby/backward -I/Users/ogurareijiro/.rbenv/versions/2.6.5/include/ruby-2.6.0 -I. -I/usr/local/Cellar/mysql/8.1.0/include/mysql -I/Users/ogurareijiro/.rbenv/versions/2.6.5/openssl/include -I/Users/ogurareijiro/.rbenv/versions/2.6.5/include  -D_XOPEN_SOURCE -D_DARWIN_C_SOURCE -D_DARWIN_UNLIMITED_SELECT -D_REENTRANT   -O3 -ggdb3 -Wall -Wextra -Wdeclaration-after-statement -Wdeprecated-declarations -Wdivision-by-zero -Wimplicit-function-declaration -Wimplicit-int -Wmisleading-indentation -Wpointer-arith -Wshorten-64-to-32 -Wwrite-strings -Wmissing-noreturn -Wno-cast-function-type -Wno-constant-logical-operand -Wno-long-long -Wno-missing-field-initializers -Wno-overlength-strings -Wno-parentheses-equality -Wno-self-assign -Wno-tautological-compare -Wno-unused-parameter -Wno-unused-value -Wunused-variable -Wextra-tokens  -fno-common -pipe   -c conftest.c"
checked program was:
/* begin */
1: #include "ruby.h"
2: 
3: #include <mysql.h>
4: 
5: /*top*/
6: typedef int conftest_type;
7: conftest_type conftestval = (int)SSL_MODE_PREFERRED;
/* end */

--------------------

have_const: checking for SSL_MODE_REQUIRED in mysql.h... -------------------- yes

"clang -I/Users/ogurareijiro/.rbenv/versions/2.6.5/include/ruby-2.6.0/x86_64-darwin22 -I/Users/ogurareijiro/.rbenv/versions/2.6.5/include/ruby-2.6.0/ruby/backward -I/Users/ogurareijiro/.rbenv/versions/2.6.5/include/ruby-2.6.0 -I. -I/usr/local/Cellar/mysql/8.1.0/include/mysql -I/Users/ogurareijiro/.rbenv/versions/2.6.5/openssl/include -I/Users/ogurareijiro/.rbenv/versions/2.6.5/include  -D_XOPEN_SOURCE -D_DARWIN_C_SOURCE -D_DARWIN_UNLIMITED_SELECT -D_REENTRANT   -O3 -ggdb3 -Wall -Wextra -Wdeclaration-after-statement -Wdeprecated-declarations -Wdivision-by-zero -Wimplicit-function-declaration -Wimplicit-int -Wmisleading-indentation -Wpointer-arith -Wshorten-64-to-32 -Wwrite-strings -Wmissing-noreturn -Wno-cast-function-type -Wno-constant-logical-operand -Wno-long-long -Wno-missing-field-initializers -Wno-overlength-strings -Wno-parentheses-equality -Wno-self-assign -Wno-tautological-compare -Wno-unused-parameter -Wno-unused-value -Wunused-variable -Wextra-tokens  -fno-common -pipe   -c conftest.c"
checked program was:
/* begin */
1: #include "ruby.h"
2: 
3: #include <mysql.h>
4: 
5: /*top*/
6: typedef int conftest_type;
7: conftest_type conftestval = (int)SSL_MODE_REQUIRED;
/* end */

--------------------

have_const: checking for SSL_MODE_VERIFY_CA in mysql.h... -------------------- yes

"clang -I/Users/ogurareijiro/.rbenv/versions/2.6.5/include/ruby-2.6.0/x86_64-darwin22 -I/Users/ogurareijiro/.rbenv/versions/2.6.5/include/ruby-2.6.0/ruby/backward -I/Users/ogurareijiro/.rbenv/versions/2.6.5/include/ruby-2.6.0 -I. -I/usr/local/Cellar/mysql/8.1.0/include/mysql -I/Users/ogurareijiro/.rbenv/versions/2.6.5/openssl/include -I/Users/ogurareijiro/.rbenv/versions/2.6.5/include  -D_XOPEN_SOURCE -D_DARWIN_C_SOURCE -D_DARWIN_UNLIMITED_SELECT -D_REENTRANT   -O3 -ggdb3 -Wall -Wextra -Wdeclaration-after-statement -Wdeprecated-declarations -Wdivision-by-zero -Wimplicit-function-declaration -Wimplicit-int -Wmisleading-indentation -Wpointer-arith -Wshorten-64-to-32 -Wwrite-strings -Wmissing-noreturn -Wno-cast-function-type -Wno-constant-logical-operand -Wno-long-long -Wno-missing-field-initializers -Wno-overlength-strings -Wno-parentheses-equality -Wno-self-assign -Wno-tautological-compare -Wno-unused-parameter -Wno-unused-value -Wunused-variable -Wextra-tokens  -fno-common -pipe   -c conftest.c"
checked program was:
/* begin */
1: #include "ruby.h"
2: 
3: #include <mysql.h>
4: 
5: /*top*/
6: typedef int conftest_type;
7: conftest_type conftestval = (int)SSL_MODE_VERIFY_CA;
/* end */

--------------------

have_const: checking for SSL_MODE_VERIFY_IDENTITY in mysql.h... -------------------- yes

"clang -I/Users/ogurareijiro/.rbenv/versions/2.6.5/include/ruby-2.6.0/x86_64-darwin22 -I/Users/ogurareijiro/.rbenv/versions/2.6.5/include/ruby-2.6.0/ruby/backward -I/Users/ogurareijiro/.rbenv/versions/2.6.5/include/ruby-2.6.0 -I. -I/usr/local/Cellar/mysql/8.1.0/include/mysql -I/Users/ogurareijiro/.rbenv/versions/2.6.5/openssl/include -I/Users/ogurareijiro/.rbenv/versions/2.6.5/include  -D_XOPEN_SOURCE -D_DARWIN_C_SOURCE -D_DARWIN_UNLIMITED_SELECT -D_REENTRANT   -O3 -ggdb3 -Wall -Wextra -Wdeclaration-after-statement -Wdeprecated-declarations -Wdivision-by-zero -Wimplicit-function-declaration -Wimplicit-int -Wmisleading-indentation -Wpointer-arith -Wshorten-64-to-32 -Wwrite-strings -Wmissing-noreturn -Wno-cast-function-type -Wno-constant-logical-operand -Wno-long-long -Wno-missing-field-initializers -Wno-overlength-strings -Wno-parentheses-equality -Wno-self-assign -Wno-tautological-compare -Wno-unused-parameter -Wno-unused-value -Wunused-variable -Wextra-tokens  -fno-common -pipe   -c conftest.c"
checked program was:
/* begin */
1: #include "ruby.h"
2: 
3: #include <mysql.h>
4: 
5: /*top*/
6: typedef int conftest_type;
7: conftest_type conftestval = (int)SSL_MODE_VERIFY_IDENTITY;
/* end */

--------------------

have_struct_member: checking for MYSQL.net.vio in mysql.h... -------------------- yes

"clang -I/Users/ogurareijiro/.rbenv/versions/2.6.5/include/ruby-2.6.0/x86_64-darwin22 -I/Users/ogurareijiro/.rbenv/versions/2.6.5/include/ruby-2.6.0/ruby/backward -I/Users/ogurareijiro/.rbenv/versions/2.6.5/include/ruby-2.6.0 -I. -I/usr/local/Cellar/mysql/8.1.0/include/mysql -I/Users/ogurareijiro/.rbenv/versions/2.6.5/openssl/include -I/Users/ogurareijiro/.rbenv/versions/2.6.5/include  -D_XOPEN_SOURCE -D_DARWIN_C_SOURCE -D_DARWIN_UNLIMITED_SELECT -D_REENTRANT   -O3 -ggdb3 -Wall -Wextra -Wdeclaration-after-statement -Wdeprecated-declarations -Wdivision-by-zero -Wimplicit-function-declaration -Wimplicit-int -Wmisleading-indentation -Wpointer-arith -Wshorten-64-to-32 -Wwrite-strings -Wmissing-noreturn -Wno-cast-function-type -Wno-constant-logical-operand -Wno-long-long -Wno-missing-field-initializers -Wno-overlength-strings -Wno-parentheses-equality -Wno-self-assign -Wno-tautological-compare -Wno-unused-parameter -Wno-unused-value -Wunused-variable -Wextra-tokens  -fno-common -pipe -DFULL_SSL_MODE_SUPPORT   -c conftest.c"
conftest.c:6:39: warning: performing pointer subtraction with a null pointer has undefined behavior [-Wnull-pointer-subtraction]
int s = (char *)&((MYSQL*)0)->net.vio - (char *)0;
                                      ^ ~~~~~~~~~
1 warning generated.
checked program was:
/* begin */
 1: #include "ruby.h"
 2: 
 3: #include <mysql.h>
 4: 
 5: /*top*/
 6: int s = (char *)&((MYSQL*)0)->net.vio - (char *)0;
 7: int main(int argc, char **argv)
 8: {
 9:   return 0;
10: }
/* end */

--------------------

have_struct_member: checking for MYSQL.net.pvio in mysql.h... -------------------- no

"clang -I/Users/ogurareijiro/.rbenv/versions/2.6.5/include/ruby-2.6.0/x86_64-darwin22 -I/Users/ogurareijiro/.rbenv/versions/2.6.5/include/ruby-2.6.0/ruby/backward -I/Users/ogurareijiro/.rbenv/versions/2.6.5/include/ruby-2.6.0 -I. -I/usr/local/Cellar/mysql/8.1.0/include/mysql -I/Users/ogurareijiro/.rbenv/versions/2.6.5/openssl/include -I/Users/ogurareijiro/.rbenv/versions/2.6.5/include  -D_XOPEN_SOURCE -D_DARWIN_C_SOURCE -D_DARWIN_UNLIMITED_SELECT -D_REENTRANT   -O3 -ggdb3 -Wall -Wextra -Wdeclaration-after-statement -Wdeprecated-declarations -Wdivision-by-zero -Wimplicit-function-declaration -Wimplicit-int -Wmisleading-indentation -Wpointer-arith -Wshorten-64-to-32 -Wwrite-strings -Wmissing-noreturn -Wno-cast-function-type -Wno-constant-logical-operand -Wno-long-long -Wno-missing-field-initializers -Wno-overlength-strings -Wno-parentheses-equality -Wno-self-assign -Wno-tautological-compare -Wno-unused-parameter -Wno-unused-value -Wunused-variable -Wextra-tokens  -fno-common -pipe -DFULL_SSL_MODE_SUPPORT   -c conftest.c"
conftest.c:6:35: error: no member named 'pvio' in 'struct NET'; did you mean 'vio'?
int s = (char *)&((MYSQL*)0)->net.pvio - (char *)0;
                                  ^~~~
                                  vio
/usr/local/Cellar/mysql/8.1.0/include/mysql/mysql_com.h:914:13: note: 'vio' declared here
  MYSQL_VIO vio;
            ^
conftest.c:6:40: warning: performing pointer subtraction with a null pointer has undefined behavior [-Wnull-pointer-subtraction]
int s = (char *)&((MYSQL*)0)->net.pvio - (char *)0;
                                       ^ ~~~~~~~~~
1 warning and 1 error generated.
checked program was:
/* begin */
 1: #include "ruby.h"
 2: 
 3: #include <mysql.h>
 4: 
 5: /*top*/
 6: int s = (char *)&((MYSQL*)0)->net.pvio - (char *)0;
 7: int main(int argc, char **argv)
 8: {
 9:   return 0;
10: }
/* end */

--------------------

have_const: checking for MYSQL_DEFAULT_AUTH in mysql.h... -------------------- yes

"clang -I/Users/ogurareijiro/.rbenv/versions/2.6.5/include/ruby-2.6.0/x86_64-darwin22 -I/Users/ogurareijiro/.rbenv/versions/2.6.5/include/ruby-2.6.0/ruby/backward -I/Users/ogurareijiro/.rbenv/versions/2.6.5/include/ruby-2.6.0 -I. -I/usr/local/Cellar/mysql/8.1.0/include/mysql -I/Users/ogurareijiro/.rbenv/versions/2.6.5/openssl/include -I/Users/ogurareijiro/.rbenv/versions/2.6.5/include  -D_XOPEN_SOURCE -D_DARWIN_C_SOURCE -D_DARWIN_UNLIMITED_SELECT -D_REENTRANT   -O3 -ggdb3 -Wall -Wextra -Wdeclaration-after-statement -Wdeprecated-declarations -Wdivision-by-zero -Wimplicit-function-declaration -Wimplicit-int -Wmisleading-indentation -Wpointer-arith -Wshorten-64-to-32 -Wwrite-strings -Wmissing-noreturn -Wno-cast-function-type -Wno-constant-logical-operand -Wno-long-long -Wno-missing-field-initializers -Wno-overlength-strings -Wno-parentheses-equality -Wno-self-assign -Wno-tautological-compare -Wno-unused-parameter -Wno-unused-value -Wunused-variable -Wextra-tokens  -fno-common -pipe -DFULL_SSL_MODE_SUPPORT   -c conftest.c"
checked program was:
/* begin */
1: #include "ruby.h"
2: 
3: #include <mysql.h>
4: 
5: /*top*/
6: typedef int conftest_type;
7: conftest_type conftestval = (int)MYSQL_DEFAULT_AUTH;
/* end */

--------------------

have_const: checking for MYSQL_ENABLE_CLEARTEXT_PLUGIN in mysql.h... -------------------- yes

"clang -I/Users/ogurareijiro/.rbenv/versions/2.6.5/include/ruby-2.6.0/x86_64-darwin22 -I/Users/ogurareijiro/.rbenv/versions/2.6.5/include/ruby-2.6.0/ruby/backward -I/Users/ogurareijiro/.rbenv/versions/2.6.5/include/ruby-2.6.0 -I. -I/usr/local/Cellar/mysql/8.1.0/include/mysql -I/Users/ogurareijiro/.rbenv/versions/2.6.5/openssl/include -I/Users/ogurareijiro/.rbenv/versions/2.6.5/include  -D_XOPEN_SOURCE -D_DARWIN_C_SOURCE -D_DARWIN_UNLIMITED_SELECT -D_REENTRANT   -O3 -ggdb3 -Wall -Wextra -Wdeclaration-after-statement -Wdeprecated-declarations -Wdivision-by-zero -Wimplicit-function-declaration -Wimplicit-int -Wmisleading-indentation -Wpointer-arith -Wshorten-64-to-32 -Wwrite-strings -Wmissing-noreturn -Wno-cast-function-type -Wno-constant-logical-operand -Wno-long-long -Wno-missing-field-initializers -Wno-overlength-strings -Wno-parentheses-equality -Wno-self-assign -Wno-tautological-compare -Wno-unused-parameter -Wno-unused-value -Wunused-variable -Wextra-tokens  -fno-common -pipe -DFULL_SSL_MODE_SUPPORT   -c conftest.c"
checked program was:
/* begin */
1: #include "ruby.h"
2: 
3: #include <mysql.h>
4: 
5: /*top*/
6: typedef int conftest_type;
7: conftest_type conftestval = (int)MYSQL_ENABLE_CLEARTEXT_PLUGIN;
/* end */

--------------------

have_const: checking for SERVER_QUERY_NO_GOOD_INDEX_USED in mysql.h... -------------------- yes

"clang -I/Users/ogurareijiro/.rbenv/versions/2.6.5/include/ruby-2.6.0/x86_64-darwin22 -I/Users/ogurareijiro/.rbenv/versions/2.6.5/include/ruby-2.6.0/ruby/backward -I/Users/ogurareijiro/.rbenv/versions/2.6.5/include/ruby-2.6.0 -I. -I/usr/local/Cellar/mysql/8.1.0/include/mysql -I/Users/ogurareijiro/.rbenv/versions/2.6.5/openssl/include -I/Users/ogurareijiro/.rbenv/versions/2.6.5/include  -D_XOPEN_SOURCE -D_DARWIN_C_SOURCE -D_DARWIN_UNLIMITED_SELECT -D_REENTRANT   -O3 -ggdb3 -Wall -Wextra -Wdeclaration-after-statement -Wdeprecated-declarations -Wdivision-by-zero -Wimplicit-function-declaration -Wimplicit-int -Wmisleading-indentation -Wpointer-arith -Wshorten-64-to-32 -Wwrite-strings -Wmissing-noreturn -Wno-cast-function-type -Wno-constant-logical-operand -Wno-long-long -Wno-missing-field-initializers -Wno-overlength-strings -Wno-parentheses-equality -Wno-self-assign -Wno-tautological-compare -Wno-unused-parameter -Wno-unused-value -Wunused-variable -Wextra-tokens  -fno-common -pipe -DFULL_SSL_MODE_SUPPORT   -c conftest.c"
checked program was:
/* begin */
1: #include "ruby.h"
2: 
3: #include <mysql.h>
4: 
5: /*top*/
6: typedef int conftest_type;
7: conftest_type conftestval = (int)SERVER_QUERY_NO_GOOD_INDEX_USED;
/* end */

--------------------

have_const: checking for SERVER_QUERY_NO_INDEX_USED in mysql.h... -------------------- yes

"clang -I/Users/ogurareijiro/.rbenv/versions/2.6.5/include/ruby-2.6.0/x86_64-darwin22 -I/Users/ogurareijiro/.rbenv/versions/2.6.5/include/ruby-2.6.0/ruby/backward -I/Users/ogurareijiro/.rbenv/versions/2.6.5/include/ruby-2.6.0 -I. -I/usr/local/Cellar/mysql/8.1.0/include/mysql -I/Users/ogurareijiro/.rbenv/versions/2.6.5/openssl/include -I/Users/ogurareijiro/.rbenv/versions/2.6.5/include  -D_XOPEN_SOURCE -D_DARWIN_C_SOURCE -D_DARWIN_UNLIMITED_SELECT -D_REENTRANT   -O3 -ggdb3 -Wall -Wextra -Wdeclaration-after-statement -Wdeprecated-declarations -Wdivision-by-zero -Wimplicit-function-declaration -Wimplicit-int -Wmisleading-indentation -Wpointer-arith -Wshorten-64-to-32 -Wwrite-strings -Wmissing-noreturn -Wno-cast-function-type -Wno-constant-logical-operand -Wno-long-long -Wno-missing-field-initializers -Wno-overlength-strings -Wno-parentheses-equality -Wno-self-assign -Wno-tautological-compare -Wno-unused-parameter -Wno-unused-value -Wunused-variable -Wextra-tokens  -fno-common -pipe -DFULL_SSL_MODE_SUPPORT   -c conftest.c"
checked program was:
/* begin */
1: #include "ruby.h"
2: 
3: #include <mysql.h>
4: 
5: /*top*/
6: typedef int conftest_type;
7: conftest_type conftestval = (int)SERVER_QUERY_NO_INDEX_USED;
/* end */

--------------------

have_const: checking for SERVER_QUERY_WAS_SLOW in mysql.h... -------------------- yes

"clang -I/Users/ogurareijiro/.rbenv/versions/2.6.5/include/ruby-2.6.0/x86_64-darwin22 -I/Users/ogurareijiro/.rbenv/versions/2.6.5/include/ruby-2.6.0/ruby/backward -I/Users/ogurareijiro/.rbenv/versions/2.6.5/include/ruby-2.6.0 -I. -I/usr/local/Cellar/mysql/8.1.0/include/mysql -I/Users/ogurareijiro/.rbenv/versions/2.6.5/openssl/include -I/Users/ogurareijiro/.rbenv/versions/2.6.5/include  -D_XOPEN_SOURCE -D_DARWIN_C_SOURCE -D_DARWIN_UNLIMITED_SELECT -D_REENTRANT   -O3 -ggdb3 -Wall -Wextra -Wdeclaration-after-statement -Wdeprecated-declarations -Wdivision-by-zero -Wimplicit-function-declaration -Wimplicit-int -Wmisleading-indentation -Wpointer-arith -Wshorten-64-to-32 -Wwrite-strings -Wmissing-noreturn -Wno-cast-function-type -Wno-constant-logical-operand -Wno-long-long -Wno-missing-field-initializers -Wno-overlength-strings -Wno-parentheses-equality -Wno-self-assign -Wno-tautological-compare -Wno-unused-parameter -Wno-unused-value -Wunused-variable -Wextra-tokens  -fno-common -pipe -DFULL_SSL_MODE_SUPPORT   -c conftest.c"
checked program was:
/* begin */
1: #include "ruby.h"
2: 
3: #include <mysql.h>
4: 
5: /*top*/
6: typedef int conftest_type;
7: conftest_type conftestval = (int)SERVER_QUERY_WAS_SLOW;
/* end */

--------------------

have_const: checking for MYSQL_OPTION_MULTI_STATEMENTS_ON in mysql.h... -------------------- yes

"clang -I/Users/ogurareijiro/.rbenv/versions/2.6.5/include/ruby-2.6.0/x86_64-darwin22 -I/Users/ogurareijiro/.rbenv/versions/2.6.5/include/ruby-2.6.0/ruby/backward -I/Users/ogurareijiro/.rbenv/versions/2.6.5/include/ruby-2.6.0 -I. -I/usr/local/Cellar/mysql/8.1.0/include/mysql -I/Users/ogurareijiro/.rbenv/versions/2.6.5/openssl/include -I/Users/ogurareijiro/.rbenv/versions/2.6.5/include  -D_XOPEN_SOURCE -D_DARWIN_C_SOURCE -D_DARWIN_UNLIMITED_SELECT -D_REENTRANT   -O3 -ggdb3 -Wall -Wextra -Wdeclaration-after-statement -Wdeprecated-declarations -Wdivision-by-zero -Wimplicit-function-declaration -Wimplicit-int -Wmisleading-indentation -Wpointer-arith -Wshorten-64-to-32 -Wwrite-strings -Wmissing-noreturn -Wno-cast-function-type -Wno-constant-logical-operand -Wno-long-long -Wno-missing-field-initializers -Wno-overlength-strings -Wno-parentheses-equality -Wno-self-assign -Wno-tautological-compare -Wno-unused-parameter -Wno-unused-value -Wunused-variable -Wextra-tokens  -fno-common -pipe -DFULL_SSL_MODE_SUPPORT   -c conftest.c"
checked program was:
/* begin */
1: #include "ruby.h"
2: 
3: #include <mysql.h>
4: 
5: /*top*/
6: typedef int conftest_type;
7: conftest_type conftestval = (int)MYSQL_OPTION_MULTI_STATEMENTS_ON;
/* end */

--------------------

have_const: checking for MYSQL_OPTION_MULTI_STATEMENTS_OFF in mysql.h... -------------------- yes

"clang -I/Users/ogurareijiro/.rbenv/versions/2.6.5/include/ruby-2.6.0/x86_64-darwin22 -I/Users/ogurareijiro/.rbenv/versions/2.6.5/include/ruby-2.6.0/ruby/backward -I/Users/ogurareijiro/.rbenv/versions/2.6.5/include/ruby-2.6.0 -I. -I/usr/local/Cellar/mysql/8.1.0/include/mysql -I/Users/ogurareijiro/.rbenv/versions/2.6.5/openssl/include -I/Users/ogurareijiro/.rbenv/versions/2.6.5/include  -D_XOPEN_SOURCE -D_DARWIN_C_SOURCE -D_DARWIN_UNLIMITED_SELECT -D_REENTRANT   -O3 -ggdb3 -Wall -Wextra -Wdeclaration-after-statement -Wdeprecated-declarations -Wdivision-by-zero -Wimplicit-function-declaration -Wimplicit-int -Wmisleading-indentation -Wpointer-arith -Wshorten-64-to-32 -Wwrite-strings -Wmissing-noreturn -Wno-cast-function-type -Wno-constant-logical-operand -Wno-long-long -Wno-missing-field-initializers -Wno-overlength-strings -Wno-parentheses-equality -Wno-self-assign -Wno-tautological-compare -Wno-unused-parameter -Wno-unused-value -Wunused-variable -Wextra-tokens  -fno-common -pipe -DFULL_SSL_MODE_SUPPORT   -c conftest.c"
checked program was:
/* begin */
1: #include "ruby.h"
2: 
3: #include <mysql.h>
4: 
5: /*top*/
6: typedef int conftest_type;
7: conftest_type conftestval = (int)MYSQL_OPTION_MULTI_STATEMENTS_OFF;
/* end */

--------------------

have_type: checking for my_bool in mysql.h... -------------------- no

"clang -I/Users/ogurareijiro/.rbenv/versions/2.6.5/include/ruby-2.6.0/x86_64-darwin22 -I/Users/ogurareijiro/.rbenv/versions/2.6.5/include/ruby-2.6.0/ruby/backward -I/Users/ogurareijiro/.rbenv/versions/2.6.5/include/ruby-2.6.0 -I. -I/usr/local/Cellar/mysql/8.1.0/include/mysql -I/Users/ogurareijiro/.rbenv/versions/2.6.5/openssl/include -I/Users/ogurareijiro/.rbenv/versions/2.6.5/include  -D_XOPEN_SOURCE -D_DARWIN_C_SOURCE -D_DARWIN_UNLIMITED_SELECT -D_REENTRANT   -O3 -ggdb3 -Wall -Wextra -Wdeclaration-after-statement -Wdeprecated-declarations -Wdivision-by-zero -Wimplicit-function-declaration -Wimplicit-int -Wmisleading-indentation -Wpointer-arith -Wshorten-64-to-32 -Wwrite-strings -Wmissing-noreturn -Wno-cast-function-type -Wno-constant-logical-operand -Wno-long-long -Wno-missing-field-initializers -Wno-overlength-strings -Wno-parentheses-equality -Wno-self-assign -Wno-tautological-compare -Wno-unused-parameter -Wno-unused-value -Wunused-variable -Wextra-tokens  -fno-common -pipe -DFULL_SSL_MODE_SUPPORT   -c conftest.c"
conftest.c:6:9: error: unknown type name 'my_bool'
typedef my_bool conftest_type;
        ^
1 error generated.
checked program was:
/* begin */
1: #include "ruby.h"
2: 
3: #include <mysql.h>
4: 
5: /*top*/
6: typedef my_bool conftest_type;
7: int conftestval[sizeof(conftest_type)?1:-1];
/* end */

--------------------

"clang -o conftest -I/Users/ogurareijiro/.rbenv/versions/2.6.5/include/ruby-2.6.0/x86_64-darwin22 -I/Users/ogurareijiro/.rbenv/versions/2.6.5/include/ruby-2.6.0/ruby/backward -I/Users/ogurareijiro/.rbenv/versions/2.6.5/include/ruby-2.6.0 -I. -I/usr/local/Cellar/mysql/8.1.0/include/mysql -I/Users/ogurareijiro/.rbenv/versions/2.6.5/openssl/include -I/Users/ogurareijiro/.rbenv/versions/2.6.5/include  -D_XOPEN_SOURCE -D_DARWIN_C_SOURCE -D_DARWIN_UNLIMITED_SELECT -D_REENTRANT   -O3 -ggdb3 -Wall -Wextra -Wdeclaration-after-statement -Wdeprecated-declarations -Wdivision-by-zero -Wimplicit-function-declaration -Wimplicit-int -Wmisleading-indentation -Wpointer-arith -Wshorten-64-to-32 -Wwrite-strings -Wmissing-noreturn -Wno-cast-function-type -Wno-constant-logical-operand -Wno-long-long -Wno-missing-field-initializers -Wno-overlength-strings -Wno-parentheses-equality -Wno-self-assign -Wno-tautological-compare -Wno-unused-parameter -Wno-unused-value -Wunused-variable -Wextra-tokens  -fno-common -pipe -DFULL_SSL_MODE_SUPPORT conftest.c  -L. -L/Users/ogurareijiro/.rbenv/versions/2.6.5/lib -L/Users/ogurareijiro/.rbenv/versions/2.6.5/openssl/lib -L. -L/Users/ogurareijiro/.rbenv/versions/2.6.5/lib  -fstack-protector-strong -L/usr/local/lib -L/Users/ogurareijiro/.rbenv/versions/2.6.5/openssl/lib    -L/usr/local/Cellar/mysql/8.1.0/lib -lmysqlclient -lz  -lzstd -L/usr/local/lib -lssl -lcrypto -lresolv  -lruby.2.6 -Werror -Weverything  "
error: include location '/usr/local/include' is unsafe for cross-compilation [-Werror,-Wpoison-system-directories]
In file included from conftest.c:1:
In file included from /Users/ogurareijiro/.rbenv/versions/2.6.5/include/ruby-2.6.0/ruby.h:33:
/Users/ogurareijiro/.rbenv/versions/2.6.5/include/ruby-2.6.0/ruby/ruby.h:874:5: error: signed shift result (0x80000000) sets the sign bit of the shift expression's type ('int') and becomes negative [-Werror,-Wshift-sign-overflow]
    RUBY_FL_USER_N(19),
    ^~~~~~~~~~~~~~~~~~
/Users/ogurareijiro/.rbenv/versions/2.6.5/include/ruby-2.6.0/ruby/ruby.h:853:47: note: expanded from macro 'RUBY_FL_USER_N'
#define RUBY_FL_USER_N(n) RUBY_FL_USER##n = (1<<(RUBY_FL_USHIFT+n))
                                             ~^ ~~~~~~~~~~~~~~~~~~
/Users/ogurareijiro/.rbenv/versions/2.6.5/include/ruby-2.6.0/ruby/ruby.h:920:13: error: padding struct 'struct RObject::(unnamed at /Users/ogurareijiro/.rbenv/versions/2.6.5/include/ruby-2.6.0/ruby/ruby.h:918:2)' with 4 bytes to align 'ivptr' [-Werror,-Wpadded]
            VALUE *ivptr;
                   ^
/Users/ogurareijiro/.rbenv/versions/2.6.5/include/ruby-2.6.0/ruby/ruby.h:1371:9: error: disabled expansion of recursive macro [-Werror,-Wdisabled-macro-expansion]
    if (RB_FL_ABLE(x)) {
        ^
/Users/ogurareijiro/.rbenv/versions/2.6.5/include/ruby-2.6.0/ruby/ruby.h:1300:25: note: expanded from macro 'RB_FL_ABLE'
#define RB_FL_ABLE(x) (!RB_SPECIAL_CONST_P(x) && RB_BUILTIN_TYPE(x) != RUBY_T_NODE)
                        ^
/Users/ogurareijiro/.rbenv/versions/2.6.5/include/ruby-2.6.0/ruby/ruby.h:1297:54: note: expanded from macro 'RB_SPECIAL_CONST_P'
#define RB_SPECIAL_CONST_P(x) (RB_IMMEDIATE_P(x) || !RB_TEST(x))
                                                     ^
/Users/ogurareijiro/.rbenv/versions/2.6.5/include/ruby-2.6.0/ruby/ruby.h:478:44: note: expanded from macro 'RB_TEST'
#define RB_TEST(v) !(((VALUE)(v) & (VALUE)~RUBY_Qnil) == 0)
                                           ^
/Users/ogurareijiro/.rbenv/versions/2.6.5/include/ruby-2.6.0/ruby/ruby.h:464:29: note: expanded from macro 'RUBY_Qnil'
#define RUBY_Qnil   ((VALUE)RUBY_Qnil)
                            ^
/Users/ogurareijiro/.rbenv/versions/2.6.5/include/ruby-2.6.0/ruby/ruby.h:1525:10: error: disabled expansion of recursive macro [-Werror,-Wdisabled-macro-expansion]
    if (!RB_SPECIAL_CONST_P(b)) {
         ^
/Users/ogurareijiro/.rbenv/versions/2.6.5/include/ruby-2.6.0/ruby/ruby.h:1297:54: note: expanded from macro 'RB_SPECIAL_CONST_P'
#define RB_SPECIAL_CONST_P(x) (RB_IMMEDIATE_P(x) || !RB_TEST(x))
                                                     ^
/Users/ogurareijiro/.rbenv/versions/2.6.5/include/ruby-2.6.0/ruby/ruby.h:478:44: note: expanded from macro 'RB_TEST'
#define RB_TEST(v) !(((VALUE)(v) & (VALUE)~RUBY_Qnil) == 0)
                                           ^
/Users/ogurareijiro/.rbenv/versions/2.6.5/include/ruby-2.6.0/ruby/ruby.h:464:29: note: expanded from macro 'RUBY_Qnil'
#define RUBY_Qnil   ((VALUE)RUBY_Qnil)
                            ^
/Users/ogurareijiro/.rbenv/versions/2.6.5/include/ruby-2.6.0/ruby/ruby.h:1543:23: error: disabled expansion of recursive macro [-Werror,-Wdisabled-macro-expansion]
    rb_obj_written(a, RUBY_Qundef /* ignore `oldv' now */, b, filename, line);
                      ^
/Users/ogurareijiro/.rbenv/versions/2.6.5/include/ruby-2.6.0/ruby/ruby.h:465:29: note: expanded from macro 'RUBY_Qundef'
#define RUBY_Qundef ((VALUE)RUBY_Qundef)        /* undefined value for placeholder */
                            ^
/Users/ogurareijiro/.rbenv/versions/2.6.5/include/ruby-2.6.0/ruby/ruby.h:1543:63: error: 'filename' was marked unused but was used [-Werror,-Wused-but-marked-unused]
    rb_obj_written(a, RUBY_Qundef /* ignore `oldv' now */, b, filename, line);
                                                              ^
/Users/ogurareijiro/.rbenv/versions/2.6.5/include/ruby-2.6.0/ruby/ruby.h:1543:73: error: 'line' was marked unused but was used [-Werror,-Wused-but-marked-unused]
    rb_obj_written(a, RUBY_Qundef /* ignore `oldv' now */, b, filename, line);
                                                                        ^
/Users/ogurareijiro/.rbenv/versions/2.6.5/include/ruby-2.6.0/ruby/ruby.h:1620:9: error: disabled expansion of recursive macro [-Werror,-Wdisabled-macro-expansion]
    if (RB_TYPE_P(x, RUBY_T_STRING) && (RSTRING_LEN(x)>=1))
        ^
/Users/ogurareijiro/.rbenv/versions/2.6.5/include/ruby-2.6.0/ruby/ruby.h:559:38: note: expanded from macro 'RB_TYPE_P'
        ((type) == RUBY_T_TRUE) ? ((obj) == RUBY_Qtrue) : \
                                            ^
/Users/ogurareijiro/.rbenv/versions/2.6.5/include/ruby-2.6.0/ruby/ruby.h:463:29: note: expanded from macro 'RUBY_Qtrue'
#define RUBY_Qtrue  ((VALUE)RUBY_Qtrue)
                            ^
/Users/ogurareijiro/.rbenv/versions/2.6.5/include/ruby-2.6.0/ruby/ruby.h:1620:9: error: disabled expansion of recursive macro [-Werror,-Wdisabled-macro-expansion]
/Users/ogurareijiro/.rbenv/versions/2.6.5/include/ruby-2.6.0/ruby/ruby.h:560:39: note: expanded from macro 'RB_TYPE_P'
        ((type) == RUBY_T_FALSE) ? ((obj) == RUBY_Qfalse) : \
                                             ^
/Users/ogurareijiro/.rbenv/versions/2.6.5/include/ruby-2.6.0/ruby/ruby.h:462:29: note: expanded from macro 'RUBY_Qfalse'
#define RUBY_Qfalse ((VALUE)RUBY_Qfalse)
                            ^
/Users/ogurareijiro/.rbenv/versions/2.6.5/include/ruby-2.6.0/ruby/ruby.h:1620:9: error: disabled expansion of recursive macro [-Werror,-Wdisabled-macro-expansion]
/Users/ogurareijiro/.rbenv/versions/2.6.5/include/ruby-2.6.0/ruby/ruby.h:561:37: note: expanded from macro 'RB_TYPE_P'
        ((type) == RUBY_T_NIL) ? ((obj) == RUBY_Qnil) : \
                                           ^
/Users/ogurareijiro/.rbenv/versions/2.6.5/include/ruby-2.6.0/ruby/ruby.h:464:29: note: expanded from macro 'RUBY_Qnil'
#define RUBY_Qnil   ((VALUE)RUBY_Qnil)
                            ^
/Users/ogurareijiro/.rbenv/versions/2.6.5/include/ruby-2.6.0/ruby/ruby.h:1620:9: error: disabled expansion of recursive macro [-Werror,-Wdisabled-macro-expansion]
/Users/ogurareijiro/.rbenv/versions/2.6.5/include/ruby-2.6.0/ruby/ruby.h:562:39: note: expanded from macro 'RB_TYPE_P'
        ((type) == RUBY_T_UNDEF) ? ((obj) == RUBY_Qundef) : \
                                             ^
/Users/ogurareijiro/.rbenv/versions/2.6.5/include/ruby-2.6.0/ruby/ruby.h:465:29: note: expanded from macro 'RUBY_Qundef'
#define RUBY_Qundef ((VALUE)RUBY_Qundef)        /* undefined value for placeholder */
                            ^
/Users/ogurareijiro/.rbenv/versions/2.6.5/include/ruby-2.6.0/ruby/ruby.h:1620:9: error: disabled expansion of recursive macro [-Werror,-Wdisabled-macro-expansion]
/Users/ogurareijiro/.rbenv/versions/2.6.5/include/ruby-2.6.0/ruby/ruby.h:563:30: note: expanded from macro 'RB_TYPE_P'
        ((type) == RUBY_T_SYMBOL) ? RB_SYMBOL_P(obj) : \
                                    ^
/Users/ogurareijiro/.rbenv/versions/2.6.5/include/ruby-2.6.0/ruby/ruby.h:407:45: note: expanded from macro 'RB_SYMBOL_P'
#define RB_SYMBOL_P(x) (RB_STATIC_SYM_P(x)||RB_DYNAMIC_SYM_P(x))
                                            ^
/Users/ogurareijiro/.rbenv/versions/2.6.5/include/ruby-2.6.0/ruby/ruby.h:406:31: note: expanded from macro 'RB_DYNAMIC_SYM_P'
#define RB_DYNAMIC_SYM_P(x) (!RB_SPECIAL_CONST_P(x) && RB_BUILTIN_TYPE(x) == (RUBY_T_SYMBOL))
                              ^
/Users/ogurareijiro/.rbenv/versions/2.6.5/include/ruby-2.6.0/ruby/ruby.h:1297:54: note: expanded from macro 'RB_SPECIAL_CONST_P'
#define RB_SPECIAL_CONST_P(x) (RB_IMMEDIATE_P(x) || !RB_TEST(x))
                                                     ^
/Users/ogurareijiro/.rbenv/versions/2.6.5/include/ruby-2.6.0/ruby/ruby.h:478:44: note: expanded from macro 'RB_TEST'
#define RB_TEST(v) !(((VALUE)(v) & (VALUE)~RUBY_Qnil) == 0)
                                           ^
/Users/ogurareijiro/.rbenv/versions/2.6.5/include/ruby-2.6.0/ruby/ruby.h:464:29: note: expanded from macro 'RUBY_Qnil'
#define RUBY_Qnil   ((VALUE)RUBY_Qnil)
                            ^
/Users/ogurareijiro/.rbenv/versions/2.6.5/include/ruby-2.6.0/ruby/ruby.h:1620:9: error: disabled expansion of recursive macro [-Werror,-Wdisabled-macro-expansion]
/Users/ogurareijiro/.rbenv/versions/2.6.5/include/ruby-2.6.0/ruby/ruby.h:564:29: note: expanded from macro 'RB_TYPE_P'
        ((type) == RUBY_T_FLOAT) ? RB_FLOAT_TYPE_P(obj) : \
                                   ^
/Users/ogurareijiro/.rbenv/versions/2.6.5/include/ruby-2.6.0/ruby/ruby.h:555:4: note: expanded from macro 'RB_FLOAT_TYPE_P'
        (!RB_SPECIAL_CONST_P(obj) && RB_BUILTIN_TYPE(obj) == RUBY_T_FLOAT))
          ^
/Users/ogurareijiro/.rbenv/versions/2.6.5/include/ruby-2.6.0/ruby/ruby.h:1297:54: note: expanded from macro 'RB_SPECIAL_CONST_P'
#define RB_SPECIAL_CONST_P(x) (RB_IMMEDIATE_P(x) || !RB_TEST(x))
                                                     ^
/Users/ogurareijiro/.rbenv/versions/2.6.5/include/ruby-2.6.0/ruby/ruby.h:478:44: note: expanded from macro 'RB_TEST'
#define RB_TEST(v) !(((VALUE)(v) & (VALUE)~RUBY_Qnil) == 0)
                                           ^
/Users/ogurareijiro/.rbenv/versions/2.6.5/include/ruby-2.6.0/ruby/ruby.h:464:29: note: expanded from macro 'RUBY_Qnil'
#define RUBY_Qnil   ((VALUE)RUBY_Qnil)
                            ^
/Users/ogurareijiro/.rbenv/versions/2.6.5/include/ruby-2.6.0/ruby/ruby.h:1620:9: error: disabled expansion of recursive macro [-Werror,-Wdisabled-macro-expansion]
/Users/ogurareijiro/.rbenv/versions/2.6.5/include/ruby-2.6.0/ruby/ruby.h:565:4: note: expanded from macro 'RB_TYPE_P'
        (!RB_SPECIAL_CONST_P(obj) && RB_BUILTIN_TYPE(obj) == (type)))
          ^
/Users/ogurareijiro/.rbenv/versions/2.6.5/include/ruby-2.6.0/ruby/ruby.h:1297:54: note: expanded from macro 'RB_SPECIAL_CONST_P'
#define RB_SPECIAL_CONST_P(x) (RB_IMMEDIATE_P(x) || !RB_TEST(x))
                                                     ^
/Users/ogurareijiro/.rbenv/versions/2.6.5/include/ruby-2.6.0/ruby/ruby.h:478:44: note: expanded from macro 'RB_TEST'
#define RB_TEST(v) !(((VALUE)(v) & (VALUE)~RUBY_Qnil) == 0)
                                           ^
/Users/ogurareijiro/.rbenv/versions/2.6.5/include/ruby-2.6.0/ruby/ruby.h:464:29: note: expanded from macro 'RUBY_Qnil'
#define RUBY_Qnil   ((VALUE)RUBY_Qnil)
                            ^
/Users/ogurareijiro/.rbenv/versions/2.6.5/include/ruby-2.6.0/ruby/ruby.h:1779:53: error: a function declaration without a prototype is deprecated in all versions of C [-Werror,-Wstrict-prototypes]
void rb_define_virtual_variable(const char*,VALUE(*)(ANYARGS),void(*)(ANYARGS));
                                                    ^
                                                            void
/Users/ogurareijiro/.rbenv/versions/2.6.5/include/ruby-2.6.0/ruby/ruby.h:1779:70: error: a function declaration without a prototype is deprecated in all versions of C [-Werror,-Wstrict-prototypes]
void rb_define_virtual_variable(const char*,VALUE(*)(ANYARGS),void(*)(ANYARGS));
                                                                     ^
                                                                             void
/Users/ogurareijiro/.rbenv/versions/2.6.5/include/ruby-2.6.0/ruby/ruby.h:1780:59: error: a function declaration without a prototype is deprecated in all versions of C [-Werror,-Wstrict-prototypes]
void rb_define_hooked_variable(const char*,VALUE*,VALUE(*)(ANYARGS),void(*)(ANYARGS));
                                                          ^
                                                                  void
/Users/ogurareijiro/.rbenv/versions/2.6.5/include/ruby-2.6.0/ruby/ruby.h:1780:76: error: a function declaration without a prototype is deprecated in all versions of C [-Werror,-Wstrict-prototypes]
void rb_define_hooked_variable(const char*,VALUE*,VALUE(*)(ANYARGS),void(*)(ANYARGS));
                                                                           ^
                                                                                   void
fatal error: too many errors emitted, stopping now [-ferror-limit=]
20 errors generated.
checked program was:
/* begin */
1: #include "ruby.h"
2: 
3: int main() {return 0;}
/* end */

"clang -o conftest -I/Users/ogurareijiro/.rbenv/versions/2.6.5/include/ruby-2.6.0/x86_64-darwin22 -I/Users/ogurareijiro/.rbenv/versions/2.6.5/include/ruby-2.6.0/ruby/backward -I/Users/ogurareijiro/.rbenv/versions/2.6.5/include/ruby-2.6.0 -I. -I/usr/local/Cellar/mysql/8.1.0/include/mysql -I/Users/ogurareijiro/.rbenv/versions/2.6.5/openssl/include -I/Users/ogurareijiro/.rbenv/versions/2.6.5/include  -D_XOPEN_SOURCE -D_DARWIN_C_SOURCE -D_DARWIN_UNLIMITED_SELECT -D_REENTRANT   -O3 -ggdb3 -Wall -Wextra -Wdeclaration-after-statement -Wdeprecated-declarations -Wdivision-by-zero -Wimplicit-function-declaration -Wimplicit-int -Wmisleading-indentation -Wpointer-arith -Wshorten-64-to-32 -Wwrite-strings -Wmissing-noreturn -Wno-cast-function-type -Wno-constant-logical-operand -Wno-long-long -Wno-missing-field-initializers -Wno-overlength-strings -Wno-parentheses-equality -Wno-self-assign -Wno-tautological-compare -Wno-unused-parameter -Wno-unused-value -Wunused-variable -Wextra-tokens  -fno-common -pipe -DFULL_SSL_MODE_SUPPORT conftest.c  -L. -L/Users/ogurareijiro/.rbenv/versions/2.6.5/lib -L/Users/ogurareijiro/.rbenv/versions/2.6.5/openssl/lib -L. -L/Users/ogurareijiro/.rbenv/versions/2.6.5/lib  -fstack-protector-strong -L/usr/local/lib -L/Users/ogurareijiro/.rbenv/versions/2.6.5/openssl/lib    -L/usr/local/Cellar/mysql/8.1.0/lib -lmysqlclient -lz  -lzstd -L/usr/local/lib -lssl -lcrypto -lresolv  -lruby.2.6 -Werror -Wno-compound-token-split-by-macro  "
checked program was:
/* begin */
1: #include "ruby.h"
2: 
3: int main() {return 0;}
/* end */

"clang -o conftest -I/Users/ogurareijiro/.rbenv/versions/2.6.5/include/ruby-2.6.0/x86_64-darwin22 -I/Users/ogurareijiro/.rbenv/versions/2.6.5/include/ruby-2.6.0/ruby/backward -I/Users/ogurareijiro/.rbenv/versions/2.6.5/include/ruby-2.6.0 -I. -I/usr/local/Cellar/mysql/8.1.0/include/mysql -I/Users/ogurareijiro/.rbenv/versions/2.6.5/openssl/include -I/Users/ogurareijiro/.rbenv/versions/2.6.5/include  -D_XOPEN_SOURCE -D_DARWIN_C_SOURCE -D_DARWIN_UNLIMITED_SELECT -D_REENTRANT   -O3 -ggdb3 -Wall -Wextra -Wdeclaration-after-statement -Wdeprecated-declarations -Wdivision-by-zero -Wimplicit-function-declaration -Wimplicit-int -Wmisleading-indentation -Wpointer-arith -Wshorten-64-to-32 -Wwrite-strings -Wmissing-noreturn -Wno-cast-function-type -Wno-constant-logical-operand -Wno-long-long -Wno-missing-field-initializers -Wno-overlength-strings -Wno-parentheses-equality -Wno-self-assign -Wno-tautological-compare -Wno-unused-parameter -Wno-unused-value -Wunused-variable -Wextra-tokens  -fno-common -pipe -DFULL_SSL_MODE_SUPPORT conftest.c  -L. -L/Users/ogurareijiro/.rbenv/versions/2.6.5/lib -L/Users/ogurareijiro/.rbenv/versions/2.6.5/openssl/lib -L. -L/Users/ogurareijiro/.rbenv/versions/2.6.5/lib  -fstack-protector-strong -L/usr/local/lib -L/Users/ogurareijiro/.rbenv/versions/2.6.5/openssl/lib    -L/usr/local/Cellar/mysql/8.1.0/lib -lmysqlclient -lz  -lzstd -L/usr/local/lib -lssl -lcrypto -lresolv  -lruby.2.6 -Werror -Wno-bad-function-cast  "
checked program was:
/* begin */
1: #include "ruby.h"
2: 
3: int main() {return 0;}
/* end */

"clang -o conftest -I/Users/ogurareijiro/.rbenv/versions/2.6.5/include/ruby-2.6.0/x86_64-darwin22 -I/Users/ogurareijiro/.rbenv/versions/2.6.5/include/ruby-2.6.0/ruby/backward -I/Users/ogurareijiro/.rbenv/versions/2.6.5/include/ruby-2.6.0 -I. -I/usr/local/Cellar/mysql/8.1.0/include/mysql -I/Users/ogurareijiro/.rbenv/versions/2.6.5/openssl/include -I/Users/ogurareijiro/.rbenv/versions/2.6.5/include  -D_XOPEN_SOURCE -D_DARWIN_C_SOURCE -D_DARWIN_UNLIMITED_SELECT -D_REENTRANT   -O3 -ggdb3 -Wall -Wextra -Wdeclaration-after-statement -Wdeprecated-declarations -Wdivision-by-zero -Wimplicit-function-declaration -Wimplicit-int -Wmisleading-indentation -Wpointer-arith -Wshorten-64-to-32 -Wwrite-strings -Wmissing-noreturn -Wno-cast-function-type -Wno-constant-logical-operand -Wno-long-long -Wno-missing-field-initializers -Wno-overlength-strings -Wno-parentheses-equality -Wno-self-assign -Wno-tautological-compare -Wno-unused-parameter -Wno-unused-value -Wunused-variable -Wextra-tokens  -fno-common -pipe -DFULL_SSL_MODE_SUPPORT conftest.c  -L. -L/Users/ogurareijiro/.rbenv/versions/2.6.5/lib -L/Users/ogurareijiro/.rbenv/versions/2.6.5/openssl/lib -L. -L/Users/ogurareijiro/.rbenv/versions/2.6.5/lib  -fstack-protector-strong -L/usr/local/lib -L/Users/ogurareijiro/.rbenv/versions/2.6.5/openssl/lib    -L/usr/local/Cellar/mysql/8.1.0/lib -lmysqlclient -lz  -lzstd -L/usr/local/lib -lssl -lcrypto -lresolv  -lruby.2.6 -Werror -Wno-conditional-uninitialized  "
checked program was:
/* begin */
1: #include "ruby.h"
2: 
3: int main() {return 0;}
/* end */

"clang -o conftest -I/Users/ogurareijiro/.rbenv/versions/2.6.5/include/ruby-2.6.0/x86_64-darwin22 -I/Users/ogurareijiro/.rbenv/versions/2.6.5/include/ruby-2.6.0/ruby/backward -I/Users/ogurareijiro/.rbenv/versions/2.6.5/include/ruby-2.6.0 -I. -I/usr/local/Cellar/mysql/8.1.0/include/mysql -I/Users/ogurareijiro/.rbenv/versions/2.6.5/openssl/include -I/Users/ogurareijiro/.rbenv/versions/2.6.5/include  -D_XOPEN_SOURCE -D_DARWIN_C_SOURCE -D_DARWIN_UNLIMITED_SELECT -D_REENTRANT   -O3 -ggdb3 -Wall -Wextra -Wdeclaration-after-statement -Wdeprecated-declarations -Wdivision-by-zero -Wimplicit-function-declaration -Wimplicit-int -Wmisleading-indentation -Wpointer-arith -Wshorten-64-to-32 -Wwrite-strings -Wmissing-noreturn -Wno-cast-function-type -Wno-constant-logical-operand -Wno-long-long -Wno-missing-field-initializers -Wno-overlength-strings -Wno-parentheses-equality -Wno-self-assign -Wno-tautological-compare -Wno-unused-parameter -Wno-unused-value -Wunused-variable -Wextra-tokens  -fno-common -pipe -DFULL_SSL_MODE_SUPPORT conftest.c  -L. -L/Users/ogurareijiro/.rbenv/versions/2.6.5/lib -L/Users/ogurareijiro/.rbenv/versions/2.6.5/openssl/lib -L. -L/Users/ogurareijiro/.rbenv/versions/2.6.5/lib  -fstack-protector-strong -L/usr/local/lib -L/Users/ogurareijiro/.rbenv/versions/2.6.5/openssl/lib    -L/usr/local/Cellar/mysql/8.1.0/lib -lmysqlclient -lz  -lzstd -L/usr/local/lib -lssl -lcrypto -lresolv  -lruby.2.6 -Werror -Wno-covered-switch-default  "
checked program was:
/* begin */
1: #include "ruby.h"
2: 
3: int main() {return 0;}
/* end */

"clang -o conftest -I/Users/ogurareijiro/.rbenv/versions/2.6.5/include/ruby-2.6.0/x86_64-darwin22 -I/Users/ogurareijiro/.rbenv/versions/2.6.5/include/ruby-2.6.0/ruby/backward -I/Users/ogurareijiro/.rbenv/versions/2.6.5/include/ruby-2.6.0 -I. -I/usr/local/Cellar/mysql/8.1.0/include/mysql -I/Users/ogurareijiro/.rbenv/versions/2.6.5/openssl/include -I/Users/ogurareijiro/.rbenv/versions/2.6.5/include  -D_XOPEN_SOURCE -D_DARWIN_C_SOURCE -D_DARWIN_UNLIMITED_SELECT -D_REENTRANT   -O3 -ggdb3 -Wall -Wextra -Wdeclaration-after-statement -Wdeprecated-declarations -Wdivision-by-zero -Wimplicit-function-declaration -Wimplicit-int -Wmisleading-indentation -Wpointer-arith -Wshorten-64-to-32 -Wwrite-strings -Wmissing-noreturn -Wno-cast-function-type -Wno-constant-logical-operand -Wno-long-long -Wno-missing-field-initializers -Wno-overlength-strings -Wno-parentheses-equality -Wno-self-assign -Wno-tautological-compare -Wno-unused-parameter -Wno-unused-value -Wunused-variable -Wextra-tokens  -fno-common -pipe -DFULL_SSL_MODE_SUPPORT conftest.c  -L. -L/Users/ogurareijiro/.rbenv/versions/2.6.5/lib -L/Users/ogurareijiro/.rbenv/versions/2.6.5/openssl/lib -L. -L/Users/ogurareijiro/.rbenv/versions/2.6.5/lib  -fstack-protector-strong -L/usr/local/lib -L/Users/ogurareijiro/.rbenv/versions/2.6.5/openssl/lib    -L/usr/local/Cellar/mysql/8.1.0/lib -lmysqlclient -lz  -lzstd -L/usr/local/lib -lssl -lcrypto -lresolv  -lruby.2.6 -Werror -Wno-declaration-after-statement  "
checked program was:
/* begin */
1: #include "ruby.h"
2: 
3: int main() {return 0;}
/* end */

"clang -o conftest -I/Users/ogurareijiro/.rbenv/versions/2.6.5/include/ruby-2.6.0/x86_64-darwin22 -I/Users/ogurareijiro/.rbenv/versions/2.6.5/include/ruby-2.6.0/ruby/backward -I/Users/ogurareijiro/.rbenv/versions/2.6.5/include/ruby-2.6.0 -I. -I/usr/local/Cellar/mysql/8.1.0/include/mysql -I/Users/ogurareijiro/.rbenv/versions/2.6.5/openssl/include -I/Users/ogurareijiro/.rbenv/versions/2.6.5/include  -D_XOPEN_SOURCE -D_DARWIN_C_SOURCE -D_DARWIN_UNLIMITED_SELECT -D_REENTRANT   -O3 -ggdb3 -Wall -Wextra -Wdeclaration-after-statement -Wdeprecated-declarations -Wdivision-by-zero -Wimplicit-function-declaration -Wimplicit-int -Wmisleading-indentation -Wpointer-arith -Wshorten-64-to-32 -Wwrite-strings -Wmissing-noreturn -Wno-cast-function-type -Wno-constant-logical-operand -Wno-long-long -Wno-missing-field-initializers -Wno-overlength-strings -Wno-parentheses-equality -Wno-self-assign -Wno-tautological-compare -Wno-unused-parameter -Wno-unused-value -Wunused-variable -Wextra-tokens  -fno-common -pipe -DFULL_SSL_MODE_SUPPORT conftest.c  -L. -L/Users/ogurareijiro/.rbenv/versions/2.6.5/lib -L/Users/ogurareijiro/.rbenv/versions/2.6.5/openssl/lib -L. -L/Users/ogurareijiro/.rbenv/versions/2.6.5/lib  -fstack-protector-strong -L/usr/local/lib -L/Users/ogurareijiro/.rbenv/versions/2.6.5/openssl/lib    -L/usr/local/Cellar/mysql/8.1.0/lib -lmysqlclient -lz  -lzstd -L/usr/local/lib -lssl -lcrypto -lresolv  -lruby.2.6 -Werror -Wno-disabled-macro-expansion  "
checked program was:
/* begin */
1: #include "ruby.h"
2: 
3: int main() {return 0;}
/* end */

"clang -o conftest -I/Users/ogurareijiro/.rbenv/versions/2.6.5/include/ruby-2.6.0/x86_64-darwin22 -I/Users/ogurareijiro/.rbenv/versions/2.6.5/include/ruby-2.6.0/ruby/backward -I/Users/ogurareijiro/.rbenv/versions/2.6.5/include/ruby-2.6.0 -I. -I/usr/local/Cellar/mysql/8.1.0/include/mysql -I/Users/ogurareijiro/.rbenv/versions/2.6.5/openssl/include -I/Users/ogurareijiro/.rbenv/versions/2.6.5/include  -D_XOPEN_SOURCE -D_DARWIN_C_SOURCE -D_DARWIN_UNLIMITED_SELECT -D_REENTRANT   -O3 -ggdb3 -Wall -Wextra -Wdeclaration-after-statement -Wdeprecated-declarations -Wdivision-by-zero -Wimplicit-function-declaration -Wimplicit-int -Wmisleading-indentation -Wpointer-arith -Wshorten-64-to-32 -Wwrite-strings -Wmissing-noreturn -Wno-cast-function-type -Wno-constant-logical-operand -Wno-long-long -Wno-missing-field-initializers -Wno-overlength-strings -Wno-parentheses-equality -Wno-self-assign -Wno-tautological-compare -Wno-unused-parameter -Wno-unused-value -Wunused-variable -Wextra-tokens  -fno-common -pipe -DFULL_SSL_MODE_SUPPORT conftest.c  -L. -L/Users/ogurareijiro/.rbenv/versions/2.6.5/lib -L/Users/ogurareijiro/.rbenv/versions/2.6.5/openssl/lib -L. -L/Users/ogurareijiro/.rbenv/versions/2.6.5/lib  -fstack-protector-strong -L/usr/local/lib -L/Users/ogurareijiro/.rbenv/versions/2.6.5/openssl/lib    -L/usr/local/Cellar/mysql/8.1.0/lib -lmysqlclient -lz  -lzstd -L/usr/local/lib -lssl -lcrypto -lresolv  -lruby.2.6 -Werror -Wno-documentation-unknown-command  "
checked program was:
/* begin */
1: #include "ruby.h"
2: 
3: int main() {return 0;}
/* end */

"clang -o conftest -I/Users/ogurareijiro/.rbenv/versions/2.6.5/include/ruby-2.6.0/x86_64-darwin22 -I/Users/ogurareijiro/.rbenv/versions/2.6.5/include/ruby-2.6.0/ruby/backward -I/Users/ogurareijiro/.rbenv/versions/2.6.5/include/ruby-2.6.0 -I. -I/usr/local/Cellar/mysql/8.1.0/include/mysql -I/Users/ogurareijiro/.rbenv/versions/2.6.5/openssl/include -I/Users/ogurareijiro/.rbenv/versions/2.6.5/include  -D_XOPEN_SOURCE -D_DARWIN_C_SOURCE -D_DARWIN_UNLIMITED_SELECT -D_REENTRANT   -O3 -ggdb3 -Wall -Wextra -Wdeclaration-after-statement -Wdeprecated-declarations -Wdivision-by-zero -Wimplicit-function-declaration -Wimplicit-int -Wmisleading-indentation -Wpointer-arith -Wshorten-64-to-32 -Wwrite-strings -Wmissing-noreturn -Wno-cast-function-type -Wno-constant-logical-operand -Wno-long-long -Wno-missing-field-initializers -Wno-overlength-strings -Wno-parentheses-equality -Wno-self-assign -Wno-tautological-compare -Wno-unused-parameter -Wno-unused-value -Wunused-variable -Wextra-tokens  -fno-common -pipe -DFULL_SSL_MODE_SUPPORT conftest.c  -L. -L/Users/ogurareijiro/.rbenv/versions/2.6.5/lib -L/Users/ogurareijiro/.rbenv/versions/2.6.5/openssl/lib -L. -L/Users/ogurareijiro/.rbenv/versions/2.6.5/lib  -fstack-protector-strong -L/usr/local/lib -L/Users/ogurareijiro/.rbenv/versions/2.6.5/openssl/lib    -L/usr/local/Cellar/mysql/8.1.0/lib -lmysqlclient -lz  -lzstd -L/usr/local/lib -lssl -lcrypto -lresolv  -lruby.2.6 -Werror -Wno-missing-field-initializers  "
checked program was:
/* begin */
1: #include "ruby.h"
2: 
3: int main() {return 0;}
/* end */

"clang -o conftest -I/Users/ogurareijiro/.rbenv/versions/2.6.5/include/ruby-2.6.0/x86_64-darwin22 -I/Users/ogurareijiro/.rbenv/versions/2.6.5/include/ruby-2.6.0/ruby/backward -I/Users/ogurareijiro/.rbenv/versions/2.6.5/include/ruby-2.6.0 -I. -I/usr/local/Cellar/mysql/8.1.0/include/mysql -I/Users/ogurareijiro/.rbenv/versions/2.6.5/openssl/include -I/Users/ogurareijiro/.rbenv/versions/2.6.5/include  -D_XOPEN_SOURCE -D_DARWIN_C_SOURCE -D_DARWIN_UNLIMITED_SELECT -D_REENTRANT   -O3 -ggdb3 -Wall -Wextra -Wdeclaration-after-statement -Wdeprecated-declarations -Wdivision-by-zero -Wimplicit-function-declaration -Wimplicit-int -Wmisleading-indentation -Wpointer-arith -Wshorten-64-to-32 -Wwrite-strings -Wmissing-noreturn -Wno-cast-function-type -Wno-constant-logical-operand -Wno-long-long -Wno-missing-field-initializers -Wno-overlength-strings -Wno-parentheses-equality -Wno-self-assign -Wno-tautological-compare -Wno-unused-parameter -Wno-unused-value -Wunused-variable -Wextra-tokens  -fno-common -pipe -DFULL_SSL_MODE_SUPPORT conftest.c  -L. -L/Users/ogurareijiro/.rbenv/versions/2.6.5/lib -L/Users/ogurareijiro/.rbenv/versions/2.6.5/openssl/lib -L. -L/Users/ogurareijiro/.rbenv/versions/2.6.5/lib  -fstack-protector-strong -L/usr/local/lib -L/Users/ogurareijiro/.rbenv/versions/2.6.5/openssl/lib    -L/usr/local/Cellar/mysql/8.1.0/lib -lmysqlclient -lz  -lzstd -L/usr/local/lib -lssl -lcrypto -lresolv  -lruby.2.6 -Werror -Wno-missing-variable-declarations  "
checked program was:
/* begin */
1: #include "ruby.h"
2: 
3: int main() {return 0;}
/* end */

"clang -o conftest -I/Users/ogurareijiro/.rbenv/versions/2.6.5/include/ruby-2.6.0/x86_64-darwin22 -I/Users/ogurareijiro/.rbenv/versions/2.6.5/include/ruby-2.6.0/ruby/backward -I/Users/ogurareijiro/.rbenv/versions/2.6.5/include/ruby-2.6.0 -I. -I/usr/local/Cellar/mysql/8.1.0/include/mysql -I/Users/ogurareijiro/.rbenv/versions/2.6.5/openssl/include -I/Users/ogurareijiro/.rbenv/versions/2.6.5/include  -D_XOPEN_SOURCE -D_DARWIN_C_SOURCE -D_DARWIN_UNLIMITED_SELECT -D_REENTRANT   -O3 -ggdb3 -Wall -Wextra -Wdeclaration-after-statement -Wdeprecated-declarations -Wdivision-by-zero -Wimplicit-function-declaration -Wimplicit-int -Wmisleading-indentation -Wpointer-arith -Wshorten-64-to-32 -Wwrite-strings -Wmissing-noreturn -Wno-cast-function-type -Wno-constant-logical-operand -Wno-long-long -Wno-missing-field-initializers -Wno-overlength-strings -Wno-parentheses-equality -Wno-self-assign -Wno-tautological-compare -Wno-unused-parameter -Wno-unused-value -Wunused-variable -Wextra-tokens  -fno-common -pipe -DFULL_SSL_MODE_SUPPORT conftest.c  -L. -L/Users/ogurareijiro/.rbenv/versions/2.6.5/lib -L/Users/ogurareijiro/.rbenv/versions/2.6.5/openssl/lib -L. -L/Users/ogurareijiro/.rbenv/versions/2.6.5/lib  -fstack-protector-strong -L/usr/local/lib -L/Users/ogurareijiro/.rbenv/versions/2.6.5/openssl/lib    -L/usr/local/Cellar/mysql/8.1.0/lib -lmysqlclient -lz  -lzstd -L/usr/local/lib -lssl -lcrypto -lresolv  -lruby.2.6 -Werror -Wno-padded  "
checked program was:
/* begin */
1: #include "ruby.h"
2: 
3: int main() {return 0;}
/* end */

"clang -o conftest -I/Users/ogurareijiro/.rbenv/versions/2.6.5/include/ruby-2.6.0/x86_64-darwin22 -I/Users/ogurareijiro/.rbenv/versions/2.6.5/include/ruby-2.6.0/ruby/backward -I/Users/ogurareijiro/.rbenv/versions/2.6.5/include/ruby-2.6.0 -I. -I/usr/local/Cellar/mysql/8.1.0/include/mysql -I/Users/ogurareijiro/.rbenv/versions/2.6.5/openssl/include -I/Users/ogurareijiro/.rbenv/versions/2.6.5/include  -D_XOPEN_SOURCE -D_DARWIN_C_SOURCE -D_DARWIN_UNLIMITED_SELECT -D_REENTRANT   -O3 -ggdb3 -Wall -Wextra -Wdeclaration-after-statement -Wdeprecated-declarations -Wdivision-by-zero -Wimplicit-function-declaration -Wimplicit-int -Wmisleading-indentation -Wpointer-arith -Wshorten-64-to-32 -Wwrite-strings -Wmissing-noreturn -Wno-cast-function-type -Wno-constant-logical-operand -Wno-long-long -Wno-missing-field-initializers -Wno-overlength-strings -Wno-parentheses-equality -Wno-self-assign -Wno-tautological-compare -Wno-unused-parameter -Wno-unused-value -Wunused-variable -Wextra-tokens  -fno-common -pipe -DFULL_SSL_MODE_SUPPORT conftest.c  -L. -L/Users/ogurareijiro/.rbenv/versions/2.6.5/lib -L/Users/ogurareijiro/.rbenv/versions/2.6.5/openssl/lib -L. -L/Users/ogurareijiro/.rbenv/versions/2.6.5/lib  -fstack-protector-strong -L/usr/local/lib -L/Users/ogurareijiro/.rbenv/versions/2.6.5/openssl/lib    -L/usr/local/Cellar/mysql/8.1.0/lib -lmysqlclient -lz  -lzstd -L/usr/local/lib -lssl -lcrypto -lresolv  -lruby.2.6 -Werror -Wno-reserved-id-macro  "
checked program was:
/* begin */
1: #include "ruby.h"
2: 
3: int main() {return 0;}
/* end */

"clang -o conftest -I/Users/ogurareijiro/.rbenv/versions/2.6.5/include/ruby-2.6.0/x86_64-darwin22 -I/Users/ogurareijiro/.rbenv/versions/2.6.5/include/ruby-2.6.0/ruby/backward -I/Users/ogurareijiro/.rbenv/versions/2.6.5/include/ruby-2.6.0 -I. -I/usr/local/Cellar/mysql/8.1.0/include/mysql -I/Users/ogurareijiro/.rbenv/versions/2.6.5/openssl/include -I/Users/ogurareijiro/.rbenv/versions/2.6.5/include  -D_XOPEN_SOURCE -D_DARWIN_C_SOURCE -D_DARWIN_UNLIMITED_SELECT -D_REENTRANT   -O3 -ggdb3 -Wall -Wextra -Wdeclaration-after-statement -Wdeprecated-declarations -Wdivision-by-zero -Wimplicit-function-declaration -Wimplicit-int -Wmisleading-indentation -Wpointer-arith -Wshorten-64-to-32 -Wwrite-strings -Wmissing-noreturn -Wno-cast-function-type -Wno-constant-logical-operand -Wno-long-long -Wno-missing-field-initializers -Wno-overlength-strings -Wno-parentheses-equality -Wno-self-assign -Wno-tautological-compare -Wno-unused-parameter -Wno-unused-value -Wunused-variable -Wextra-tokens  -fno-common -pipe -DFULL_SSL_MODE_SUPPORT conftest.c  -L. -L/Users/ogurareijiro/.rbenv/versions/2.6.5/lib -L/Users/ogurareijiro/.rbenv/versions/2.6.5/openssl/lib -L. -L/Users/ogurareijiro/.rbenv/versions/2.6.5/lib  -fstack-protector-strong -L/usr/local/lib -L/Users/ogurareijiro/.rbenv/versions/2.6.5/openssl/lib    -L/usr/local/Cellar/mysql/8.1.0/lib -lmysqlclient -lz  -lzstd -L/usr/local/lib -lssl -lcrypto -lresolv  -lruby.2.6 -Werror -Wno-sign-conversion  "
checked program was:
/* begin */
1: #include "ruby.h"
2: 
3: int main() {return 0;}
/* end */

"clang -o conftest -I/Users/ogurareijiro/.rbenv/versions/2.6.5/include/ruby-2.6.0/x86_64-darwin22 -I/Users/ogurareijiro/.rbenv/versions/2.6.5/include/ruby-2.6.0/ruby/backward -I/Users/ogurareijiro/.rbenv/versions/2.6.5/include/ruby-2.6.0 -I. -I/usr/local/Cellar/mysql/8.1.0/include/mysql -I/Users/ogurareijiro/.rbenv/versions/2.6.5/openssl/include -I/Users/ogurareijiro/.rbenv/versions/2.6.5/include  -D_XOPEN_SOURCE -D_DARWIN_C_SOURCE -D_DARWIN_UNLIMITED_SELECT -D_REENTRANT   -O3 -ggdb3 -Wall -Wextra -Wdeclaration-after-statement -Wdeprecated-declarations -Wdivision-by-zero -Wimplicit-function-declaration -Wimplicit-int -Wmisleading-indentation -Wpointer-arith -Wshorten-64-to-32 -Wwrite-strings -Wmissing-noreturn -Wno-cast-function-type -Wno-constant-logical-operand -Wno-long-long -Wno-missing-field-initializers -Wno-overlength-strings -Wno-parentheses-equality -Wno-self-assign -Wno-tautological-compare -Wno-unused-parameter -Wno-unused-value -Wunused-variable -Wextra-tokens  -fno-common -pipe -DFULL_SSL_MODE_SUPPORT conftest.c  -L. -L/Users/ogurareijiro/.rbenv/versions/2.6.5/lib -L/Users/ogurareijiro/.rbenv/versions/2.6.5/openssl/lib -L. -L/Users/ogurareijiro/.rbenv/versions/2.6.5/lib  -fstack-protector-strong -L/usr/local/lib -L/Users/ogurareijiro/.rbenv/versions/2.6.5/openssl/lib    -L/usr/local/Cellar/mysql/8.1.0/lib -lmysqlclient -lz  -lzstd -L/usr/local/lib -lssl -lcrypto -lresolv  -lruby.2.6 -Werror -Wno-static-in-inline  "
checked program was:
/* begin */
1: #include "ruby.h"
2: 
3: int main() {return 0;}
/* end */

"clang -o conftest -I/Users/ogurareijiro/.rbenv/versions/2.6.5/include/ruby-2.6.0/x86_64-darwin22 -I/Users/ogurareijiro/.rbenv/versions/2.6.5/include/ruby-2.6.0/ruby/backward -I/Users/ogurareijiro/.rbenv/versions/2.6.5/include/ruby-2.6.0 -I. -I/usr/local/Cellar/mysql/8.1.0/include/mysql -I/Users/ogurareijiro/.rbenv/versions/2.6.5/openssl/include -I/Users/ogurareijiro/.rbenv/versions/2.6.5/include  -D_XOPEN_SOURCE -D_DARWIN_C_SOURCE -D_DARWIN_UNLIMITED_SELECT -D_REENTRANT   -O3 -ggdb3 -Wall -Wextra -Wdeclaration-after-statement -Wdeprecated-declarations -Wdivision-by-zero -Wimplicit-function-declaration -Wimplicit-int -Wmisleading-indentation -Wpointer-arith -Wshorten-64-to-32 -Wwrite-strings -Wmissing-noreturn -Wno-cast-function-type -Wno-constant-logical-operand -Wno-long-long -Wno-missing-field-initializers -Wno-overlength-strings -Wno-parentheses-equality -Wno-self-assign -Wno-tautological-compare -Wno-unused-parameter -Wno-unused-value -Wunused-variable -Wextra-tokens  -fno-common -pipe -DFULL_SSL_MODE_SUPPORT conftest.c  -L. -L/Users/ogurareijiro/.rbenv/versions/2.6.5/lib -L/Users/ogurareijiro/.rbenv/versions/2.6.5/openssl/lib -L. -L/Users/ogurareijiro/.rbenv/versions/2.6.5/lib  -fstack-protector-strong -L/usr/local/lib -L/Users/ogurareijiro/.rbenv/versions/2.6.5/openssl/lib    -L/usr/local/Cellar/mysql/8.1.0/lib -lmysqlclient -lz  -lzstd -L/usr/local/lib -lssl -lcrypto -lresolv  -lruby.2.6 -Werror -Wno-switch-enum  "
checked program was:
/* begin */
1: #include "ruby.h"
2: 
3: int main() {return 0;}
/* end */

"clang -o conftest -I/Users/ogurareijiro/.rbenv/versions/2.6.5/include/ruby-2.6.0/x86_64-darwin22 -I/Users/ogurareijiro/.rbenv/versions/2.6.5/include/ruby-2.6.0/ruby/backward -I/Users/ogurareijiro/.rbenv/versions/2.6.5/include/ruby-2.6.0 -I. -I/usr/local/Cellar/mysql/8.1.0/include/mysql -I/Users/ogurareijiro/.rbenv/versions/2.6.5/openssl/include -I/Users/ogurareijiro/.rbenv/versions/2.6.5/include  -D_XOPEN_SOURCE -D_DARWIN_C_SOURCE -D_DARWIN_UNLIMITED_SELECT -D_REENTRANT   -O3 -ggdb3 -Wall -Wextra -Wdeclaration-after-statement -Wdeprecated-declarations -Wdivision-by-zero -Wimplicit-function-declaration -Wimplicit-int -Wmisleading-indentation -Wpointer-arith -Wshorten-64-to-32 -Wwrite-strings -Wmissing-noreturn -Wno-cast-function-type -Wno-constant-logical-operand -Wno-long-long -Wno-missing-field-initializers -Wno-overlength-strings -Wno-parentheses-equality -Wno-self-assign -Wno-tautological-compare -Wno-unused-parameter -Wno-unused-value -Wunused-variable -Wextra-tokens  -fno-common -pipe -DFULL_SSL_MODE_SUPPORT conftest.c  -L. -L/Users/ogurareijiro/.rbenv/versions/2.6.5/lib -L/Users/ogurareijiro/.rbenv/versions/2.6.5/openssl/lib -L. -L/Users/ogurareijiro/.rbenv/versions/2.6.5/lib  -fstack-protector-strong -L/usr/local/lib -L/Users/ogurareijiro/.rbenv/versions/2.6.5/openssl/lib    -L/usr/local/Cellar/mysql/8.1.0/lib -lmysqlclient -lz  -lzstd -L/usr/local/lib -lssl -lcrypto -lresolv  -lruby.2.6 -Werror -Wno-undef  "
checked program was:
/* begin */
1: #include "ruby.h"
2: 
3: int main() {return 0;}
/* end */

"clang -o conftest -I/Users/ogurareijiro/.rbenv/versions/2.6.5/include/ruby-2.6.0/x86_64-darwin22 -I/Users/ogurareijiro/.rbenv/versions/2.6.5/include/ruby-2.6.0/ruby/backward -I/Users/ogurareijiro/.rbenv/versions/2.6.5/include/ruby-2.6.0 -I. -I/usr/local/Cellar/mysql/8.1.0/include/mysql -I/Users/ogurareijiro/.rbenv/versions/2.6.5/openssl/include -I/Users/ogurareijiro/.rbenv/versions/2.6.5/include  -D_XOPEN_SOURCE -D_DARWIN_C_SOURCE -D_DARWIN_UNLIMITED_SELECT -D_REENTRANT   -O3 -ggdb3 -Wall -Wextra -Wdeclaration-after-statement -Wdeprecated-declarations -Wdivision-by-zero -Wimplicit-function-declaration -Wimplicit-int -Wmisleading-indentation -Wpointer-arith -Wshorten-64-to-32 -Wwrite-strings -Wmissing-noreturn -Wno-cast-function-type -Wno-constant-logical-operand -Wno-long-long -Wno-missing-field-initializers -Wno-overlength-strings -Wno-parentheses-equality -Wno-self-assign -Wno-tautological-compare -Wno-unused-parameter -Wno-unused-value -Wunused-variable -Wextra-tokens  -fno-common -pipe -DFULL_SSL_MODE_SUPPORT conftest.c  -L. -L/Users/ogurareijiro/.rbenv/versions/2.6.5/lib -L/Users/ogurareijiro/.rbenv/versions/2.6.5/openssl/lib -L. -L/Users/ogurareijiro/.rbenv/versions/2.6.5/lib  -fstack-protector-strong -L/usr/local/lib -L/Users/ogurareijiro/.rbenv/versions/2.6.5/openssl/lib    -L/usr/local/Cellar/mysql/8.1.0/lib -lmysqlclient -lz  -lzstd -L/usr/local/lib -lssl -lcrypto -lresolv  -lruby.2.6 -Werror -Wno-unreachable-code  "
checked program was:
/* begin */
1: #include "ruby.h"
2: 
3: int main() {return 0;}
/* end */

"clang -o conftest -I/Users/ogurareijiro/.rbenv/versions/2.6.5/include/ruby-2.6.0/x86_64-darwin22 -I/Users/ogurareijiro/.rbenv/versions/2.6.5/include/ruby-2.6.0/ruby/backward -I/Users/ogurareijiro/.rbenv/versions/2.6.5/include/ruby-2.6.0 -I. -I/usr/local/Cellar/mysql/8.1.0/include/mysql -I/Users/ogurareijiro/.rbenv/versions/2.6.5/openssl/include -I/Users/ogurareijiro/.rbenv/versions/2.6.5/include  -D_XOPEN_SOURCE -D_DARWIN_C_SOURCE -D_DARWIN_UNLIMITED_SELECT -D_REENTRANT   -O3 -ggdb3 -Wall -Wextra -Wdeclaration-after-statement -Wdeprecated-declarations -Wdivision-by-zero -Wimplicit-function-declaration -Wimplicit-int -Wmisleading-indentation -Wpointer-arith -Wshorten-64-to-32 -Wwrite-strings -Wmissing-noreturn -Wno-cast-function-type -Wno-constant-logical-operand -Wno-long-long -Wno-missing-field-initializers -Wno-overlength-strings -Wno-parentheses-equality -Wno-self-assign -Wno-tautological-compare -Wno-unused-parameter -Wno-unused-value -Wunused-variable -Wextra-tokens  -fno-common -pipe -DFULL_SSL_MODE_SUPPORT conftest.c  -L. -L/Users/ogurareijiro/.rbenv/versions/2.6.5/lib -L/Users/ogurareijiro/.rbenv/versions/2.6.5/openssl/lib -L. -L/Users/ogurareijiro/.rbenv/versions/2.6.5/lib  -fstack-protector-strong -L/usr/local/lib -L/Users/ogurareijiro/.rbenv/versions/2.6.5/openssl/lib    -L/usr/local/Cellar/mysql/8.1.0/lib -lmysqlclient -lz  -lzstd -L/usr/local/lib -lssl -lcrypto -lresolv  -lruby.2.6 -Werror -Wno-used-but-marked-unused  "
checked program was:
/* begin */
1: #include "ruby.h"
2: 
3: int main() {return 0;}
/* end */

"clang -o conftest -I/Users/ogurareijiro/.rbenv/versions/2.6.5/include/ruby-2.6.0/x86_64-darwin22 -I/Users/ogurareijiro/.rbenv/versions/2.6.5/include/ruby-2.6.0/ruby/backward -I/Users/ogurareijiro/.rbenv/versions/2.6.5/include/ruby-2.6.0 -I. -I/usr/local/Cellar/mysql/8.1.0/include/mysql -I/Users/ogurareijiro/.rbenv/versions/2.6.5/openssl/include -I/Users/ogurareijiro/.rbenv/versions/2.6.5/include  -D_XOPEN_SOURCE -D_DARWIN_C_SOURCE -D_DARWIN_UNLIMITED_SELECT -D_REENTRANT   -O3 -ggdb3 -Wall -Wextra -Wdeclaration-after-statement -Wdeprecated-declarations -Wdivision-by-zero -Wimplicit-function-declaration -Wimplicit-int -Wmisleading-indentation -Wpointer-arith -Wshorten-64-to-32 -Wwrite-strings -Wmissing-noreturn -Wno-cast-function-type -Wno-constant-logical-operand -Wno-long-long -Wno-missing-field-initializers -Wno-overlength-strings -Wno-parentheses-equality -Wno-self-assign -Wno-tautological-compare -Wno-unused-parameter -Wno-unused-value -Wunused-variable -Wextra-tokens  -fno-common -pipe -DFULL_SSL_MODE_SUPPORT -Wno-compound-token-split-by-macro -Wno-bad-function-cast -Wno-conditional-uninitialized -Wno-covered-switch-default -Wno-declaration-after-statement -Wno-disabled-macro-expansion -Wno-documentation-unknown-command -Wno-missing-field-initializers -Wno-missing-variable-declarations -Wno-padded -Wno-reserved-id-macro -Wno-sign-conversion -Wno-static-in-inline -Wno-switch-enum -Wno-undef -Wno-unreachable-code -Wno-used-but-marked-unused conftest.c  -L. -L/Users/ogurareijiro/.rbenv/versions/2.6.5/lib -L/Users/ogurareijiro/.rbenv/versions/2.6.5/openssl/lib -L. -L/Users/ogurareijiro/.rbenv/versions/2.6.5/lib  -fstack-protector-strong -L/usr/local/lib -L/Users/ogurareijiro/.rbenv/versions/2.6.5/openssl/lib    -L/usr/local/Cellar/mysql/8.1.0/lib -lmysqlclient -lz  -lzstd -L/usr/local/lib -lssl -lcrypto -lresolv  -lruby.2.6  -Wl,-rpath,/usr/local/Cellar/mysql/8.1.0/lib  "
checked program was:
/* begin */
1: #include "ruby.h"
2: 
3: int main() {return 0;}
/* end */

